20/02/2024	 12:18:46	e60c762d-6bd8-4157-b0b2-e666d016a8a8	ReferenceError: userObject is not defined	POST	/users	undefined
20/02/2024	 13:57:41	0f8167c4-134f-4146-bce3-cc73733965f0	ReferenceError: username is not defined	PATCH	/users	undefined
20/02/2024	 13:57:46	3727159a-2c57-4f99-b844-6ca3706d1246	ReferenceError: username is not defined	PATCH	/users	undefined
20/02/2024	 14:25:31	f00c257d-0cfa-4fef-a017-6a2fbf5421c9	TypeError: Cannot set properties of null (setting 'region')	PATCH	/users	undefined
20/02/2024	 14:32:03	2934feb7-2f57-418c-92e3-e1425d2165d2	TypeError: Cannot read properties of null (reading 'region')	PATCH	/users	undefined
20/02/2024	 14:32:24	b9bae0b3-02ec-46e9-8236-02548472b306	TypeError: Cannot read properties of null (reading 'region')	PATCH	/users	undefined
20/02/2024	 14:44:51	5af762b6-9601-47a5-b74e-f3fc14848871	TypeError: Cannot read properties of null (reading 'region')	PATCH	/users	undefined
20/02/2024	 14:45:50	eab6f5f2-59e7-47f9-a881-13f155ceea88	TypeError: userDetails.save is not a function	PATCH	/users	undefined
20/02/2024	 14:46:26	6085da2e-5b12-4048-9a4c-bf01fcf8c5c1	TypeError: userDetails.save is not a function	PATCH	/users	undefined
20/02/2024	 15:11:02	2a948331-dcb3-4085-9ef5-8c8984606a0a	TypeError: UserDetails.save is not a function	PATCH	/users	undefined
20/02/2024	 15:12:23	6660b73e-fd17-4578-8690-1371414b98e1	TypeError: UserDetails.save is not a function	PATCH	/users	undefined
20/02/2024	 15:12:43	035a0d39-1198-4a25-af39-05236996aaad	ValidationError: userDetails validation failed: region: Cast to Object failed for value "asdsad" (type string) at path "region", workSchedule.0.startTime: Cast to date failed for value "00-00-0000" (type string) at path "startTime", workSchedule.0.endTime: Cast to date failed for value "00-00-0000" (type string) at path "endTime"	PATCH	/users	undefined
20/02/2024	 15:16:24	c06b49f8-f420-4bc0-aaea-3b88f77cafd1	ValidationError: userDetails validation failed: region: Cast to Object failed for value "asdsad" (type string) at path "region"	PATCH	/users	undefined
20/02/2024	 15:16:43	c15f45c7-07b6-4fb3-be66-339c1b31e4b0	ValidationError: userDetails validation failed: region: Cast to Object failed for value "abcd" (type string) at path "region"	PATCH	/users	undefined
20/02/2024	 15:16:49	c1c27d57-d467-4b9f-8232-f6665f603944	ValidationError: userDetails validation failed: region: Cast to Object failed for value "abcd0" (type string) at path "region"	PATCH	/users	undefined
20/02/2024	 15:29:12	c63df3a4-7f4e-4bf1-a57a-8fece21153cc	CastError: Cast to ObjectId failed for value "{ user: '65d4acb451d9eed273cea092' }" (type Object) at path "_id" for model "userDetails"	PATCH	/users	undefined
21/02/2024	 08:49:27	555b7179-37cb-4a9a-b900-cf7b3c220659	SyntaxError: Expected double-quoted property name in JSON at position 231 (line 12 column 1)	PATCH	/users	undefined
21/02/2024	 08:50:50	e9b9f0aa-1d8b-4459-a733-cc0c6be26ee7	SyntaxError: Expected double-quoted property name in JSON at position 97 (line 7 column 1)	PATCH	/users	undefined
21/02/2024	 08:56:06	436c2114-97a4-4374-be19-e4478b586f03	TypeError: userDetails.update is not a function	PATCH	/users	undefined
21/02/2024	 09:45:54	e0a802b2-fe99-4463-b0bf-57334bb34a41	ReferenceError: Note is not defined	DELETE	/users	undefined
21/02/2024	 09:46:11	1b9b1597-b619-45d8-b582-742c5ed122af	TypeError: user.deletOne is not a function	DELETE	/users	undefined
21/02/2024	 09:46:27	074f5e19-46d5-42d7-ad6f-8736c0fd580b	TypeError: user.deletOne is not a function	DELETE	/users	undefined
21/02/2024	 11:42:51	674ebe70-a55c-44e3-a9fb-96d35c1b710f	CastError: Cast to ObjectId failed for value "aaa" (type string) at path "_id" for model "szrotexUser"	POST	/upload	undefined
21/02/2024	 12:24:44	55b6c9ea-846f-4747-a671-be0b1f8b9a44	Error: Cannot set headers after they are sent to the client	POST	/upload	undefined
21/02/2024	 12:25:14	6a64d832-26ff-48a0-a298-c16667786e8a	Error: Cannot set headers after they are sent to the client	POST	/upload	undefined
21/02/2024	 12:27:01	bf92cbb1-8576-4f11-9648-7e1352f04446	Error: Cannot set headers after they are sent to the client	POST	/upload	undefined
21/02/2024	 12:45:30	4a20e20b-1c33-4b64-b70a-a075ef76814f	TypeError: Cannot read properties of undefined (reading 'mimetype')	POST	/upload/background-img	undefined
21/02/2024	 14:55:30	5eddda91-e78e-47c2-928c-bd7effb6df98	TypeError: Product.find is not a function	GET	/product	undefined
21/02/2024	 15:44:20	84ead2bc-7cc1-4ea0-90c8-92d20a7cd35c	Error: Invalid select: select only takes 1 argument	GET	/product	undefined
26/02/2024	 09:43:10	68fa55b8-5674-45a1-81ce-84c15cc9305d	CastError: Cast to ObjectId failed for value "{ user: '65d5f388adf69f1495ac3e23' }" (type Object) at path "_id" for model "product"	POST	/upload/product-upload	undefined
26/02/2024	 09:43:36	80b9a119-ae0e-46eb-aedd-de8339217c1a	CastError: Cast to ObjectId failed for value "{ user: '65d5f388adf69f1495ac3e23' }" (type Object) at path "_id" for model "product"	POST	/upload/product-upload	undefined
26/02/2024	 09:44:27	edf7f1b3-8585-49a8-b1b0-f211f609993f	CastError: Cast to ObjectId failed for value "{ user: '65d5f388adf69f1495ac3e23' }" (type Object) at path "_id" for model "product"	POST	/upload/product-upload	undefined
26/02/2024	 09:46:25	5a6a5119-a791-44ee-a829-9e16296299aa	TypeError: Product.findByOne is not a function	POST	/upload/product-upload	undefined
26/02/2024	 10:04:15	7d4fad6f-b29c-412b-8ae3-296044d93cf2	TypeError: Cannot read properties of null (reading 'user')	GET	/product/65d609103f743b29aab4e116	undefined
26/02/2024	 10:09:05	b37b79a5-0c29-42d7-8719-847a2db932dc	Error: Malformed part header	POST	/upload/product-upload	undefined
26/02/2024	 10:09:12	c521424e-35f6-4981-b5e7-97691be4a1bb	ReferenceError: id is not defined	POST	/upload/product-upload	undefined
26/02/2024	 10:21:03	4022b9eb-918a-47fa-b1ff-4a441afac03c	ReferenceError: id is not defined	POST	/upload/product-upload	undefined
26/02/2024	 10:21:04	c8475311-9ed0-4d23-84fa-01967cbe3333	ReferenceError: id is not defined	POST	/upload/product-upload	undefined
26/02/2024	 10:21:19	cfbca4d1-8a30-4936-b061-3bc604dd5078	ReferenceError: id is not defined	POST	/upload/product-upload	undefined
26/02/2024	 10:21:20	b5c9862a-b1ea-4383-b8ff-99dde3d65c60	ReferenceError: id is not defined	POST	/upload/product-upload	undefined
26/02/2024	 10:21:39	aa8e9f4c-9a09-482b-8773-f408f6c0d667	TypeError: The "path" argument must be of type string. Received an instance of ObjectId	POST	/upload/product-upload	undefined
26/02/2024	 10:22:13	54f45ace-e5eb-4347-af8c-dfa8f020925e	TypeError: The "path" argument must be of type string. Received an instance of ObjectId	POST	/upload/product-upload	undefined
26/02/2024	 10:22:21	a6614e03-dcb7-465b-ab2a-cfbc4e894883	TypeError: The "path" argument must be of type string. Received an instance of ObjectId	POST	/upload/product-upload	undefined
26/02/2024	 10:23:58	3d38a398-5882-4c76-af3a-c92745603980	TypeError: The "path" argument must be of type string. Received an instance of ObjectId	POST	/upload/product-upload	undefined
26/02/2024	 12:47:49	f0920afc-fc37-4b57-be82-59e4cbda3a49	TypeError: Cannot convert undefined or null to object	POST	/product	undefined
26/02/2024	 13:07:06	684c8e9d-4b0f-47fb-8609-df88aaeb4347	TypeError: Cannot read properties of undefined (reading 'email')	GET	/product	undefined
26/02/2024	 13:09:51	ccfd2d21-4473-460d-b405-41d34bd0b7f9	TypeError: Product.find(...).populated is not a function	GET	/product	undefined
26/02/2024	 13:46:57	3c8d2a90-b853-4c22-8498-67b4820f1f44	TypeError: Cannot read properties of null (reading 'save')	PATCH	/users	undefined
26/02/2024	 13:54:41	fa6222db-8290-4e8d-b9d9-82b79e28c0f7	StrictPopulateError: Cannot populate path `userDetails` because it is not in your schema. Set the `strictPopulate` option to false to override.	GET	/product	undefined
26/02/2024	 14:07:15	b738f8ea-72af-4e06-84a2-bc54f5e8caef	MissingSchemaError: Schema hasn't been registered for model "User".
Use mongoose.model(name, schema)	GET	/product	undefined
26/02/2024	 14:07:20	8177064c-2a1d-4362-aa8a-8a060ddf30b9	MissingSchemaError: Schema hasn't been registered for model "User".
Use mongoose.model(name, schema)	GET	/product	undefined
26/02/2024	 14:09:25	2bb2af5d-2643-4712-ba11-72571ff00b52	StrictPopulateError: Cannot populate path `user.userDetails` because it is not in your schema. Set the `strictPopulate` option to false to override.	GET	/product	undefined
26/02/2024	 14:48:17	5ba75adc-fbb1-4611-bde5-98f1877e5ee6	TypeError: Product.findById(...).exec(...).lean is not a function	PATCH	/product/65dc86f4cba249176c6083ad	undefined
26/02/2024	 14:48:53	e3e371e5-d599-4b84-a7bf-aaac1e129b17	TypeError: Product.findById(...).exec(...).lean is not a function	PATCH	/product/65dc86f4cba249176c6083ad	undefined
26/02/2024	 14:49:04	8b2acfc6-d56f-4334-9a66-69cc4a99dbc5	TypeError: Product.findById(...).exec(...).lean is not a function	PATCH	/product/65dc86f4cba249176c6083ad	undefined
26/02/2024	 14:50:07	265153e5-947c-4ecc-aa03-8189a4aff6f6	TypeError: Cannot read properties of null (reading 'user')	GET	/product/65dc86f4cba249176c6083ad	undefined
26/02/2024	 14:50:11	ba8a58b6-eeca-4229-9cd1-08e14eccb70a	TypeError: Cannot read properties of null (reading 'user')	GET	/product/65dc86f4cba249176c6083ad	undefined
26/02/2024	 14:56:55	3a0bc5c3-68dc-4259-b98e-895684da9bff	CastError: Cast to ObjectId failed for value "{ email: 'janczak@o2.pl', firstName: '', lastName: '' }" (type Object) at path "user" for model "userDetails"	GET	/product/	undefined
26/02/2024	 14:57:01	afba5774-d0ef-45df-b9e6-f9073aa9a829	MongoServerError: Cannot do exclusion on field id in inclusion projection	GET	/product/	undefined
26/02/2024	 15:35:09	bdcb43d7-ec59-43a4-8212-e2146a2adeab	TypeError: Product.save is not a function	PATCH	/product/reservation/65dc89b199e7f4814384fb30	undefined
26/02/2024	 15:35:25	11b5e9d2-04b7-424c-87ac-3fa1513fd400	TypeError: Product.save is not a function	PATCH	/product/reservation/65dc89b199e7f4814384fb30	undefined
26/02/2024	 15:35:59	5ca0cd3d-2376-4421-b792-328d337ec749	TypeError: Product.findById(...).select(...).exec(...).lean is not a function	PATCH	/product/reservation/65dc89b199e7f4814384fb30	undefined
26/02/2024	 15:37:52	54fe6c19-923f-4601-a0e7-d1316858ebc9	ValidationError: product validation failed: productReservation.reservationStartDate: Cast to date failed for value "Invalid Date" (type Date) at path "productReservation.reservationStartDate", productReservation.reservationEndDate: Cast to date failed for value "NaN" (type number) at path "productReservation.reservationEndDate"	PATCH	/product/reservation/65dc89b199e7f4814384fb30	undefined
26/02/2024	 15:41:17	6b77d673-867e-496c-a0ca-2f87e6dc91f7	TypeError: product.productReservation.reservationEndDate.toDate is not a function	PATCH	/product/reservation/65dc89b199e7f4814384fb30	undefined
26/02/2024	 15:43:04	006f8f95-9ff2-42b4-a42f-1916e42fd861	ReferenceError: format is not defined	PATCH	/product/reservation/65dc89b199e7f4814384fb30	undefined
26/02/2024	 15:54:34	3771947b-ba28-4a49-a1d5-687787bf0124	CastError: Cast to ObjectId failed for value "reservation" (type string) at path "_id" for model "product"	GET	/product/reservation/	undefined
26/02/2024	 15:54:51	14b206ce-c088-45bc-bdea-4a8d4bc43d73	CastError: Cast to ObjectId failed for value "reservation" (type string) at path "_id" for model "product"	GET	/product/reservation/	undefined
26/02/2024	 15:55:08	30797efe-0e99-44f0-b7cd-2e910b7e873c	CastError: Cast to ObjectId failed for value "reservation" (type string) at path "_id" for model "product"	GET	/product/reservation/	undefined
26/02/2024	 15:55:09	767f00d6-03e2-41d9-86ed-c61eeace320e	CastError: Cast to ObjectId failed for value "reservation" (type string) at path "_id" for model "product"	GET	/product/reservation/	undefined
26/02/2024	 15:55:10	61a40a3c-93be-41a0-8412-65b1229aca9e	CastError: Cast to ObjectId failed for value "reservation" (type string) at path "_id" for model "product"	GET	/product/reservation	undefined
26/02/2024	 15:55:11	abcb50de-e1fa-4ef7-b5a8-8b8e5c59cdf8	CastError: Cast to ObjectId failed for value "reservation" (type string) at path "_id" for model "product"	GET	/product/reservation	undefined
26/02/2024	 15:55:50	54cb7e1a-2b31-433a-a4aa-dfebe442b88c	CastError: Cast to ObjectId failed for value "reservation" (type string) at path "_id" for model "product"	GET	/product/reservation	undefined
26/02/2024	 15:56:42	af41df42-d752-423a-9a29-f4fbc329aff5	CastError: Cast to ObjectId failed for value "reservation" (type string) at path "_id" for model "product"	GET	/product/reservation	undefined
26/02/2024	 15:56:55	2b5f2b74-3e49-468e-95a0-1b2264ccf511	CastError: Cast to ObjectId failed for value "reservation" (type string) at path "_id" for model "product"	GET	/product/reservation	undefined
26/02/2024	 15:57:31	efa0db12-b302-41d2-ba0c-20e4ff27436d	CastError: Cast to ObjectId failed for value "reservation" (type string) at path "_id" for model "product"	GET	/product/reservation	undefined
26/02/2024	 15:57:33	53370a73-d03a-4e0d-ad0f-01fa63c694e0	CastError: Cast to ObjectId failed for value "reservation" (type string) at path "_id" for model "product"	GET	/product/reservation	undefined
26/02/2024	 15:57:59	29e53b67-ddb2-4645-b00a-2178f06e9029	CastError: Cast to ObjectId failed for value "reservation" (type string) at path "_id" for model "product"	GET	/product/reservation	undefined
26/02/2024	 15:58:00	c8162f6b-8501-4761-a021-97ce80f86f01	CastError: Cast to ObjectId failed for value "reservation" (type string) at path "_id" for model "product"	GET	/product/reservation	undefined
26/02/2024	 15:58:29	4e9505f3-831e-4f71-8932-7c53cce121c9	CastError: Cast to ObjectId failed for value "reservation" (type string) at path "_id" for model "product"	GET	/product/reservation	undefined
26/02/2024	 15:58:40	adb01691-89b5-49ec-b292-6f1c116df69d	CastError: Cast to ObjectId failed for value "reservation" (type string) at path "_id" for model "product"	GET	/product/reservation	undefined
26/02/2024	 15:59:09	2adabca3-5ec7-4ca7-b632-9b48cd189d48	CastError: Cast to ObjectId failed for value "reservation" (type string) at path "_id" for model "product"	GET	/product/reservation	undefined
26/02/2024	 15:59:35	de67b652-8729-43ca-b90c-110db7c26f1f	CastError: Cast to ObjectId failed for value "reservation" (type string) at path "_id" for model "product"	GET	/product/reservation	undefined
