20/02/2024	 09:15:34	b95d5d0e-03fe-45a6-a689-3a3cb95a7254	GET	 /	undefined
20/02/2024	 09:15:35	11c3032d-117f-41d9-8f8e-e21e7c2b06dc	GET	 /	undefined
20/02/2024	 09:15:36	7b4e57d7-155e-45ca-af7e-625abddf4f65	GET	 /	undefined
20/02/2024	 09:15:36	725929c3-b00c-49c6-8a9a-c3daa0f05466	GET	 /	undefined
20/02/2024	 09:15:37	e574e72b-106b-47f4-85ed-232303ae3229	GET	 /	undefined
20/02/2024	 09:16:12	e63c2a85-895b-41c3-82a7-78f5c5d40d78	GET	 /	undefined
20/02/2024	 09:16:24	51d9f0e2-2ad5-48e5-bf9f-7603e8f60826	GET	 /	undefined
20/02/2024	 09:16:25	36d96578-0aa7-4a68-b877-e6d63b599ee1	GET	 /	undefined
20/02/2024	 09:19:40	9403d096-8ba6-482a-abe2-952b778ae77f	GET	 /	undefined
20/02/2024	 09:20:05	5395b333-2eca-4500-b939-d3f09c3eaaed	GET	 /	undefined
20/02/2024	 09:20:06	727a887e-05dc-410e-bc68-34addf5ee04e	GET	 /	undefined
20/02/2024	 09:20:29	6779b1b6-277c-45d6-9200-a2a23cea0ba6	GET	 /	undefined
20/02/2024	 09:20:29	a9a50cce-e8ad-41ca-ae45-33f9d7b1df56	GET	 /css/style.css	undefined
20/02/2024	 09:21:08	f43e1491-6956-488f-84a2-947abb887020	GET	 /	undefined
20/02/2024	 09:21:08	87f93c8c-468c-4807-856f-9cd645443050	GET	 /css/style.css	undefined
20/02/2024	 09:21:09	0d88aae1-0066-4be4-b366-dc31abcb4726	GET	 /	undefined
20/02/2024	 09:21:09	1b6075dd-4845-4efe-adc1-d9a4b4dcbf2e	GET	 /css/style.css	undefined
20/02/2024	 09:21:09	890dd475-834a-4ce4-8300-cca6e23b350b	GET	 /	undefined
20/02/2024	 09:21:09	9bf3f76f-39ef-4716-a4fb-cd03064ac0aa	GET	 /css/style.css	undefined
20/02/2024	 09:21:13	62e82e8a-3f32-40da-8e30-f144754dbd83	GET	 /	undefined
20/02/2024	 09:21:13	841a6a5e-3574-4fa7-a93f-77bfc4cd5e63	GET	 /css/style.css	undefined
20/02/2024	 09:21:19	59aec7a4-afd7-4ded-abe4-ac5b592be284	GET	 /	undefined
20/02/2024	 09:21:19	ad138801-63db-4979-9d1b-0cf4958050f0	GET	 /css/style.css	undefined
20/02/2024	 09:21:32	13325566-8864-4eb3-8ac0-77db207cb106	GET	 /	undefined
20/02/2024	 09:21:32	dfc6fe43-303b-40cd-9b5d-edc1338ca7fe	GET	 /css/style.css	undefined
20/02/2024	 09:21:36	9aeacaf9-7b8f-419b-85c2-45a989ecaf58	GET	 /	undefined
20/02/2024	 09:21:36	1b3df61d-6664-4c88-82ef-f775757485da	GET	 /css/style.css	undefined
20/02/2024	 09:22:03	8f8f0304-d006-4052-a25e-72b4ffe92c2a	GET	 /	undefined
20/02/2024	 09:22:03	8e197bda-bdec-4b38-8edd-4886cff467b3	GET	 /css/style.css	undefined
20/02/2024	 09:24:58	c3237f67-894e-4bb5-af10-e47b7a872c55	GET	 /	undefined
20/02/2024	 09:24:58	019e0c46-4c52-42e9-8af2-20ab3cf52966	GET	 /image/ico.svg	undefined
20/02/2024	 09:24:58	52eea2d8-ec80-432b-bc8f-df163ca416ef	GET	 /css/style.css	undefined
20/02/2024	 09:25:16	28ed8f05-b422-400f-ad5c-fcd00b4acf81	GET	 /	undefined
20/02/2024	 09:25:16	2df68d04-13c0-4a5d-84c5-0aee6f7e872b	GET	 /css/style.css	undefined
20/02/2024	 09:25:16	14f92706-80f9-4de3-aa1d-0d9ba82c2389	GET	 /image/ico.svg	undefined
20/02/2024	 09:25:17	e216bc5d-2dc2-4fbe-8388-662e99dcc3ab	GET	 /	undefined
20/02/2024	 09:25:17	fbbe8234-8633-4fdd-8eaf-ebd06c5451b9	GET	 /css/style.css	undefined
20/02/2024	 09:25:17	e84eeb97-ae70-40e6-9912-085e4ad75ca1	GET	 /image/ico.svg	undefined
20/02/2024	 09:25:17	2f6f07e1-5461-437a-b21a-3c4eb93d26d1	GET	 /	undefined
20/02/2024	 09:25:17	870b2f5d-8b83-4ef3-82f3-398d280c429c	GET	 /css/style.css	undefined
20/02/2024	 09:25:17	0fb49246-feec-42ad-a9a4-586f8b78c853	GET	 /image/ico.svg	undefined
20/02/2024	 09:25:17	5c24816f-a2bb-4f66-a5f5-b835ddeb7666	GET	 /	undefined
20/02/2024	 09:25:17	40c2b751-b89d-4467-b481-79ae30de8b6a	GET	 /css/style.css	undefined
20/02/2024	 09:25:17	abc011c8-3a1c-4d10-b952-29dfa7b3a987	GET	 /image/ico.svg	undefined
20/02/2024	 09:25:31	6ba6bcae-40ae-4db2-8bc1-2b962b6ed35f	GET	 /	undefined
20/02/2024	 09:25:31	fa4779f9-0ddf-42e2-ad83-ff276720163f	GET	 /css/style.css	undefined
20/02/2024	 09:25:31	46e4e1df-2360-4eb5-b03a-f90a67a2d019	GET	 /image/ico.svg	undefined
20/02/2024	 09:26:07	77a40e1f-bf93-41f7-960a-11520dfc6560	GET	 /	undefined
20/02/2024	 09:26:07	8f3ce345-9cf3-4d80-9da9-e4ce39cdbd41	GET	 /css/style.css	undefined
20/02/2024	 09:26:07	6a01270d-4eea-4ead-94a8-030664a18484	GET	 /image/ico.svg	undefined
20/02/2024	 09:27:03	b2e332d9-2f04-4282-8969-1f273e3c38f9	GET	 /	undefined
20/02/2024	 09:27:03	0660e43e-d9d5-44e9-af58-ea323647ae03	GET	 /css/style.css	undefined
20/02/2024	 09:27:03	5cb261b9-bfea-461e-9c95-c5c3d860d3af	GET	 /image/ico.svg	undefined
20/02/2024	 09:27:04	12c59511-37aa-45a6-8ec7-359068945b1f	GET	 /	undefined
20/02/2024	 09:27:04	68276ed5-98f9-4ab0-b843-81899cfa5af6	GET	 /css/style.css	undefined
20/02/2024	 09:27:04	75ea4e45-9159-4921-a2f1-d8e4ce302d21	GET	 /image/ico.svg	undefined
20/02/2024	 09:27:04	373499ba-4f31-4f08-aad2-12662b6feb29	GET	 /	undefined
20/02/2024	 09:27:04	52b2792d-3fe9-4d6b-9192-4bd1b8e7d9bb	GET	 /css/style.css	undefined
20/02/2024	 09:27:04	3c632bb1-b10d-40c6-9aed-b47ae51a0404	GET	 /image/ico.svg	undefined
20/02/2024	 09:27:08	d0400c19-1307-4616-90be-c0fd95650bc7	GET	 /	undefined
20/02/2024	 09:27:08	5462df22-648f-4833-9f9c-3a7a6529c16c	GET	 /image/ico.svg	undefined
20/02/2024	 09:27:08	509b5582-5699-46fe-a3fa-a5873ae51b0b	GET	 /css/style.css	undefined
20/02/2024	 09:27:08	9d1d09e5-e89c-4ebe-8a43-0f627862128d	GET	 /	undefined
20/02/2024	 09:27:08	317f131d-40c4-4705-b69f-41b670069e0f	GET	 /image/ico.svg	undefined
20/02/2024	 09:27:08	2d07151f-98ad-4b50-b29d-1196159635f3	GET	 /css/style.css	undefined
20/02/2024	 09:27:08	f3ca0145-87d2-4487-80c9-39e80c48de95	GET	 /	undefined
20/02/2024	 09:27:08	510cd15e-45bd-4097-8e7c-13852a2e1c27	GET	 /css/style.css	undefined
20/02/2024	 09:27:08	e20ade26-f0cf-4f1b-bcab-6cd53ffc66e8	GET	 /image/ico.svg	undefined
20/02/2024	 09:27:08	96a452ce-2eaf-40e6-a3ca-7e44eff63df9	GET	 /	undefined
20/02/2024	 09:27:08	d00494ff-9777-4ab1-ae2c-d015d015ddb5	GET	 /css/style.css	undefined
20/02/2024	 09:27:08	301a72d2-4aec-42bd-a191-5fc7a93674fc	GET	 /image/ico.svg	undefined
20/02/2024	 09:27:18	b550e35a-cb20-41bf-81d3-83fdb598a99a	GET	 /	undefined
20/02/2024	 09:27:18	56066f8c-64bc-457d-8769-f4c9ad5ffd05	GET	 /css/style.css	undefined
20/02/2024	 09:27:18	8ccd17cd-c6e5-4320-a0fc-d0365f2e7979	GET	 /image/ico.svg	undefined
20/02/2024	 09:27:26	c90e8c86-42d7-412e-9670-3be04c954450	GET	 /	undefined
20/02/2024	 09:27:26	01fa8db9-2a01-4713-8c95-34ef63c34fe2	GET	 /css/style.css	undefined
20/02/2024	 09:27:26	da04749c-3783-4645-aa96-e2008fb3eccc	GET	 /image/ico.svg	undefined
20/02/2024	 09:27:46	acf0d340-30bf-483e-a44b-4da44bbd9ce6	GET	 /	undefined
20/02/2024	 09:27:46	10413727-923f-4773-af10-4228cf05d0e8	GET	 /css/style.css	undefined
20/02/2024	 09:27:46	d57f27ba-1f53-4905-92b4-8427b18c3be7	GET	 /image/ico.svg	undefined
20/02/2024	 09:27:50	d0bebc18-3649-4049-8b8a-e514693d022b	GET	 /	undefined
20/02/2024	 09:27:50	1655796e-1d30-4436-9755-c58890888cef	GET	 /css/style.css	undefined
20/02/2024	 09:27:50	55ea6320-7b92-4232-aa7c-7b32695632e8	GET	 /image/ico.svg	undefined
20/02/2024	 09:27:50	b9ef5663-cdae-4604-905f-25965dd117a8	GET	 /	undefined
20/02/2024	 09:27:50	49fe9a85-6f2f-4fa4-9721-0c1cc1c4ada6	GET	 /image/ico.svg	undefined
20/02/2024	 09:27:50	a3ec5b02-e6a9-4dfe-bfc9-e286c724a3c3	GET	 /css/style.css	undefined
20/02/2024	 09:27:50	576b4213-5590-4dd0-99ab-9227c2559dfb	GET	 /	undefined
20/02/2024	 09:27:50	f1df5b09-5705-461c-998d-2e5f316bac32	GET	 /css/style.css	undefined
20/02/2024	 09:27:50	34620a61-3eb3-41f6-9c32-8b309c436c8a	GET	 /image/ico.svg	undefined
20/02/2024	 09:31:17	5c6eb9e5-a300-4b31-be83-edf131b15fb1	GET	 /	undefined
20/02/2024	 09:31:17	046c396e-399a-426b-91c6-2f3d7c666c88	GET	 /css/style.css	undefined
20/02/2024	 09:31:18	3353082f-a644-4ac6-bb73-18533b870247	GET	 /	undefined
20/02/2024	 09:31:18	bb60b35e-0dcc-4029-9c31-ee7ccd85a2c8	GET	 /css/style.css	undefined
20/02/2024	 09:31:18	6a5c307a-17c6-494f-8cc2-c04a70e86a62	GET	 /	undefined
20/02/2024	 09:31:18	9b584b04-a20e-46dd-953b-347ea0b7fa44	GET	 /css/style.css	undefined
20/02/2024	 09:31:18	1114e30c-cc8f-431b-a112-a9d38441cc20	GET	 /	undefined
20/02/2024	 09:31:18	d39435a8-ec7a-442c-b627-b267e24075a2	GET	 /css/style.css	undefined
20/02/2024	 09:31:43	b29114f9-931f-4a84-8e25-34634ab00773	GET	 /	undefined
20/02/2024	 09:31:43	52853d90-2f48-4783-8001-a2fbb1608947	GET	 /css/style.css	undefined
20/02/2024	 09:31:53	69f52321-74e2-412e-8b91-a58b714185cf	GET	 /	undefined
20/02/2024	 09:31:53	c55ec45b-2047-4d4a-a508-d5d401ec8689	GET	 /css/style.css	undefined
20/02/2024	 09:31:58	a5ac311a-1350-4a87-a1cb-93ab3e3c462f	GET	 /	undefined
20/02/2024	 09:31:58	723ff16b-1f2e-4d51-a218-a19e656019e7	GET	 /css/style.css	undefined
20/02/2024	 09:32:07	28d639d8-4c2f-413e-9e05-3c0ab3f10006	GET	 /	undefined
20/02/2024	 09:32:07	e0e229b4-7f42-452c-bbab-2aa4938c2955	GET	 /css/style.css	undefined
20/02/2024	 09:32:20	b7aae2f0-9da6-4096-9e9f-1d7349566507	GET	 /	undefined
20/02/2024	 09:32:20	8c1e5dd3-5e05-425e-886d-72e6a3878be4	GET	 /css/style.css	undefined
20/02/2024	 09:32:29	ed0bcff8-f715-471a-ab8c-6f5a828da518	GET	 /	undefined
20/02/2024	 09:32:29	17cfe0dd-94e2-4846-b467-14642a630f70	GET	 /css/style.css	undefined
20/02/2024	 09:32:30	ca869643-d98b-4177-9917-bab044a0ae9f	GET	 /	undefined
20/02/2024	 09:32:30	42726e8e-3621-4a36-9a52-5118f6663e33	GET	 /css/style.css	undefined
20/02/2024	 09:32:36	b0c6ca66-b0a5-41d1-abe2-d15b85138db5	GET	 /	undefined
20/02/2024	 09:32:36	29cb4d2a-4408-41d6-a4d5-2174f16bfd25	GET	 /css/style.css	undefined
20/02/2024	 09:32:36	180f49e9-3aad-4540-afe5-d8a8e10908e4	GET	 /	undefined
20/02/2024	 09:32:36	e3ecc573-fb60-4018-8be1-057d8838a2db	GET	 /css/style.css	undefined
20/02/2024	 09:32:37	0ba8045e-a653-46e5-bad0-026d487ea134	GET	 /	undefined
20/02/2024	 09:32:37	ef1f3bfc-6830-49be-97da-f0c549b9dcb8	GET	 /css/style.css	undefined
20/02/2024	 09:32:37	be4e146c-d616-407a-867a-8dd007eacfcd	GET	 /	undefined
20/02/2024	 09:32:37	6fee0694-fa63-41a1-a920-6b7bb2245c63	GET	 /css/style.css	undefined
20/02/2024	 09:33:11	5ed6b2f4-b238-4364-9ea2-fa0f10ca3714	GET	 /	undefined
20/02/2024	 09:33:11	09b7d177-d2d2-4d61-bff4-1249ed12a9ce	GET	 /css/style.css	undefined
20/02/2024	 09:33:11	9e4e2298-babc-47d4-836e-fa2d0269d04a	GET	 /	undefined
20/02/2024	 09:33:11	979cfc04-421c-4523-80e7-89519aae8012	GET	 /css/style.css	undefined
20/02/2024	 09:33:12	3fcb0d67-7bba-4fdc-ae2f-3784068394dc	GET	 /	undefined
20/02/2024	 09:33:12	4c848cec-0760-43f2-9ebc-687fc7d5f0d9	GET	 /css/style.css	undefined
20/02/2024	 09:33:21	eaed514c-d7fe-437b-bce8-042748323a3d	GET	 /	undefined
20/02/2024	 09:33:21	36fee220-2c05-49f2-aee6-667ed4c0ad61	GET	 /css/style.css	undefined
20/02/2024	 09:33:46	eaf58f81-22fd-46f1-a1b6-2e5bf6e0fda6	GET	 /	undefined
20/02/2024	 09:33:46	dbb0115c-81a9-44b1-8fcc-52a784a9bc0d	GET	 /css/style.css	undefined
20/02/2024	 09:33:51	0cee46c7-d66a-4c86-b0bf-cb6c13049e27	GET	 /	undefined
20/02/2024	 09:33:51	eccca7b6-a3f8-468d-99c8-13a3bdfff329	GET	 /css/style.css	undefined
20/02/2024	 09:34:04	07a6a446-e8e7-4c02-bb81-c788e80dea8e	GET	 /asdsad	undefined
20/02/2024	 09:50:40	be59f798-bbac-44fb-9fdb-12d68c2d1e1e	GET	 /	undefined
20/02/2024	 09:50:40	45a62fa1-0944-438c-87f9-a32d9b69764c	GET	 /css/style.css	undefined
20/02/2024	 09:50:40	f5b51eeb-6814-4b29-9cba-e54eef6c260b	GET	 /	undefined
20/02/2024	 09:50:40	a9ac3b22-2b11-4fec-9d89-fccf9a671866	GET	 /css/style.css	undefined
20/02/2024	 09:50:41	e76b31d3-b78c-431e-a5c0-df1a2cc1edf1	GET	 /	undefined
20/02/2024	 09:50:41	f3b455fd-d058-4e75-8ca3-267e5fe92eb1	GET	 /css/style.css	undefined
20/02/2024	 09:50:43	16f523d7-320e-49c7-8037-ed2add3438e7	GET	 /asdasd	undefined
20/02/2024	 09:51:04	ff84f2e1-ed71-4c96-ab5f-6979577f25a2	GET	 /asdasd	undefined
20/02/2024	 09:51:04	2e4cbb94-77ae-425b-8cb9-6d72a8b0507f	GET	 /css/style.css	undefined
20/02/2024	 09:51:23	19d77502-6014-4d7c-8ff3-9af89e078842	GET	 /asdasd	undefined
20/02/2024	 09:51:23	173789e2-37b3-404a-ad14-eb08a16a7bb9	GET	 /css/style.css	undefined
20/02/2024	 09:51:37	d999a3e6-7d47-43af-b1ac-8a4e7358ba3e	GET	 /lists	undefined
20/02/2024	 09:51:37	3671fc3e-58fa-449f-841f-e49ad5f9f582	GET	 /css/style.css	undefined
20/02/2024	 09:51:39	05da269f-1c67-4e5c-8e44-71637d38062e	GET	 /	undefined
20/02/2024	 09:51:39	2753c73a-5273-4e7d-b344-e1dc468f9130	GET	 /css/style.css	undefined
20/02/2024	 09:51:41	caaec37d-0656-470d-a849-915fdeff3ff3	GET	 /	undefined
20/02/2024	 09:51:41	8cee6355-8491-437d-b2f3-fea44e183841	GET	 /css/style.css	undefined
20/02/2024	 09:52:12	29dcceac-e43e-44f2-be3f-64bc94babc1b	GET	 /vv	undefined
20/02/2024	 09:52:12	ae54b70b-2299-4b9d-81a9-15642d3e661f	GET	 /css/style.css	undefined
20/02/2024	 09:52:52	1bc09498-2c2b-4e79-b0ad-30ca2a10c7ab	GET	 /vv	undefined
20/02/2024	 09:52:52	9003662e-e67e-49db-b9b1-1651db908717	GET	 /css/style.css	undefined
20/02/2024	 10:31:38	1941d27e-eb27-43a4-bb96-3abdae9565e5	GET	 /	undefined
20/02/2024	 10:31:38	c2feb5e6-71ac-4e34-af97-38ea82f62d76	GET	 /css/style.css	undefined
20/02/2024	 10:32:50	99297d97-c541-4153-88f9-369d83f7a870	GET	 /	undefined
20/02/2024	 10:32:50	7a030d4a-c811-4877-a9b2-0612dcb3e229	GET	 /css/style.css	undefined
20/02/2024	 10:32:59	1f807526-14c0-4264-a8ab-9e8710f651b9	GET	 /users	undefined
20/02/2024	 11:56:20	89bdc661-a56d-4f46-b019-4240eae49904	GET	 /users	undefined
20/02/2024	 11:56:21	63ee4c96-5f97-432d-bbf0-9b7d1b0c96cc	GET	 /users	undefined
20/02/2024	 11:56:22	eaefe6d1-65c8-4ef5-8197-eb2335794707	GET	 /users	undefined
20/02/2024	 11:56:22	591f3314-d7bf-4ac5-8391-a1b8f088f9bd	GET	 /users	undefined
20/02/2024	 11:56:24	b33a104b-e0fb-42d2-b51c-44dc21e342e7	GET	 /users	undefined
20/02/2024	 11:58:35	baa3a59a-88f2-4c2a-8532-a84418286892	GET	 /users	undefined
20/02/2024	 11:58:43	c76fc9a9-8552-44c0-b2df-fe1bf898db5b	POST	 /users	undefined
20/02/2024	 12:12:04	a5f0126b-0ca2-461e-ac52-fe699ddc12fd	POST	 /users	undefined
20/02/2024	 12:12:25	67974755-9937-46d5-bbb9-d9e7d9fe7134	POST	 /users	undefined
20/02/2024	 12:12:31	7b3fdd75-f24d-42a7-894d-4057ddaa36f4	GET	 /users	undefined
20/02/2024	 12:16:28	dfa06207-e6b2-4cbf-8362-eb2576c85346	POST	 /users	undefined
20/02/2024	 12:16:32	476440dd-3177-4cb1-8cac-91f3ec79c542	GET	 /users	undefined
20/02/2024	 12:17:05	6577317f-8f6d-4d19-b91b-cd1a9f609786	POST	 /users	undefined
20/02/2024	 12:18:32	4197dfd3-61fe-4edb-8ee9-8285fcd0cc7b	POST	 /users	undefined
20/02/2024	 12:18:35	77ad0e28-f414-4324-ac25-ff6a006731db	POST	 /users	undefined
20/02/2024	 12:18:46	a2ba5133-7278-4aa5-832d-e4c127a11fca	POST	 /users	undefined
20/02/2024	 12:19:13	6ce29aeb-b29f-405c-bcaf-15c195a59d66	POST	 /users	undefined
20/02/2024	 12:19:18	5571fb7c-ecc3-4f98-ae4b-09536ef93e3c	GET	 /users	undefined
20/02/2024	 12:27:58	a3210dff-52c3-49b9-b9cf-7f63799ab059	POST	 /users	undefined
20/02/2024	 12:28:15	2ac9c509-cefc-45c7-b684-0da9a16280bc	POST	 /users	undefined
20/02/2024	 12:28:21	7f0b80d5-98b8-40bf-a4c7-08ba39e55136	GET	 /users	undefined
20/02/2024	 12:28:32	7745ce2a-a1a5-4923-9536-56cb151f8277	POST	 /users	undefined
20/02/2024	 12:28:44	8eb8e82d-31e6-48d1-8003-93e7b1f8d2fd	POST	 /users	undefined
20/02/2024	 12:29:12	629b2649-34a9-4a8b-8ca4-27537057ea07	POST	 /users	undefined
20/02/2024	 12:29:14	9b202569-41e2-4e64-b607-90fed4ef7a28	POST	 /users	undefined
20/02/2024	 12:29:21	3d016a51-b290-458c-9cc3-c8e4837d2908	POST	 /users	undefined
20/02/2024	 12:29:26	0feac4df-f2aa-4321-932f-5cbeec70bd65	POST	 /users	undefined
20/02/2024	 12:29:27	f55ed484-d385-4703-b71b-8d4f26d07e24	POST	 /users	undefined
20/02/2024	 12:30:16	b31703c8-c369-4c41-9a44-a64344d1ae9a	POST	 /users	undefined
20/02/2024	 12:30:17	1c65d565-a60f-44a0-a235-09824a092ade	POST	 /users	undefined
20/02/2024	 12:30:40	e8a1b214-a4ed-42d9-ac21-44299055abbb	POST	 /users	undefined
20/02/2024	 12:32:32	66de7c42-0cf4-48b0-9629-d215a964a339	POST	 /users	undefined
20/02/2024	 12:32:42	34763ca4-0da8-4fc1-b2bb-6fe182c2ee4a	POST	 /users	undefined
20/02/2024	 12:32:57	b3c7aa11-b1bf-48ad-be1e-221b9bf7e145	POST	 /users	undefined
20/02/2024	 12:33:01	368d5baa-7676-42a1-9510-706ffc3b1dfd	GET	 /users	undefined
20/02/2024	 12:36:22	6f57e246-a909-4f5b-9c4a-0d9a7a727714	POST	 /users	undefined
20/02/2024	 12:37:12	761ac98b-7028-4857-b36e-570df60dbac7	POST	 /users	undefined
20/02/2024	 12:40:20	dfe842cc-9012-48a4-bfd8-d002b61381be	GET	 /users	undefined
20/02/2024	 12:40:21	1b820a8e-de3e-4753-97e4-324097c8a3a9	GET	 /users	undefined
20/02/2024	 13:54:00	43fef1a8-079b-4949-b21d-0bcf90635125	GET	 /users	undefined
20/02/2024	 13:55:29	a7004dc3-502f-405f-b56c-cb42ca503739	PATCH	 /users	undefined
20/02/2024	 13:56:01	f96f512a-7285-4e01-be83-a47320a0304e	PATCH	 /users	undefined
20/02/2024	 13:56:37	0fce3752-dd4b-4cef-8a31-4656743473c6	PATCH	 /users	undefined
20/02/2024	 13:57:17	d919e9a6-6535-44cd-b6b7-af72f148b399	PATCH	 /users	undefined
20/02/2024	 13:57:21	d9b7cce0-cd80-467c-a962-a1374b14644a	PATCH	 /users	undefined
20/02/2024	 13:57:33	16805457-1d13-461b-9aac-93dfe3db4758	PATCH	 /users	undefined
20/02/2024	 13:57:35	2fe58a85-2b7d-4cce-86cc-fb6322b5ca37	PATCH	 /users	undefined
20/02/2024	 13:57:37	fc2545a3-07c7-492e-9684-ed24af4be34a	PATCH	 /users	undefined
20/02/2024	 13:57:41	adf83399-967c-4727-b428-f1a33d0cc480	PATCH	 /users	undefined
20/02/2024	 13:57:46	385240ac-02c2-42c3-a6ef-e08c66d93c22	PATCH	 /users	undefined
20/02/2024	 13:58:05	23bba990-e3f5-4d98-884f-d571cf742b23	PATCH	 /users	undefined
20/02/2024	 13:58:10	db0c4fc3-d69b-450e-8260-ac02c55dd9a5	GET	 /users	undefined
20/02/2024	 14:25:31	eebfdc40-d394-4c51-bb1a-44286947b674	PATCH	 /users	undefined
20/02/2024	 14:32:03	e1ed358e-002d-4b53-8b70-f10e084659f1	PATCH	 /users	undefined
20/02/2024	 14:32:24	ab66fa84-e7e7-496f-974d-2b831ee4ddd2	PATCH	 /users	undefined
20/02/2024	 14:35:48	83b7f5ac-31ca-4f00-b348-11ae7282256c	POST	 /users	undefined
20/02/2024	 14:36:13	e08bafac-173a-4d85-a9a7-45bae0adcdcd	POST	 /users	undefined
20/02/2024	 14:36:42	8e5adf7c-a94e-46a2-9c04-dc778f42dca5	POST	 /users	undefined
20/02/2024	 14:36:52	ab59b756-0437-4d27-b5f5-115aa78cb02c	GET	 /users	undefined
20/02/2024	 14:39:52	358d1658-69b3-459a-a53c-34e6880ebaab	POST	 /users	undefined
20/02/2024	 14:40:01	d70caed1-f1f8-4bdb-8709-318ea846d95a	POST	 /users	undefined
20/02/2024	 14:44:20	e5aad988-fb2d-47df-abbe-5ae68efe7656	POST	 /users	undefined
20/02/2024	 14:44:51	c318e7ea-d302-4f2f-b895-704a471daf68	PATCH	 /users	undefined
20/02/2024	 14:45:50	cf569c7a-72ae-4a66-af98-61c9e4ae0778	PATCH	 /users	undefined
20/02/2024	 14:46:26	2f798a44-0825-41f8-9861-745dee140f55	PATCH	 /users	undefined
20/02/2024	 15:11:02	f94b5bae-a48b-46dd-9df5-088afb4a8476	PATCH	 /users	undefined
20/02/2024	 15:12:23	de877d18-c186-466a-b9ee-244570a99266	PATCH	 /users	undefined
20/02/2024	 15:12:43	48e59660-d61d-4cf7-b080-10960b46d1f8	PATCH	 /users	undefined
20/02/2024	 15:16:24	af488ec4-364f-48f2-a4bd-d2db0d81a92a	PATCH	 /users	undefined
20/02/2024	 15:16:43	056ef9e4-19fe-427b-8034-a37a805cb754	PATCH	 /users	undefined
20/02/2024	 15:16:49	a986917d-8fa1-4fe4-99cb-40e7bad077e0	PATCH	 /users	undefined
20/02/2024	 15:17:11	5114edba-148a-4e67-8ffe-d1aa3bd6ee2e	PATCH	 /users	undefined
20/02/2024	 15:18:34	022360d2-a0f7-4015-b294-126ca0ee88fd	PATCH	 /users	undefined
20/02/2024	 15:19:19	4fe287db-eb59-4cb1-8c62-35f8f7fdb5f4	PATCH	 /users	undefined
20/02/2024	 15:19:41	493e13d2-b7aa-4231-ab2f-cc2379543756	PATCH	 /users	undefined
20/02/2024	 15:20:41	92742249-1035-4df9-9e70-48774d95fcf4	PATCH	 /users	undefined
20/02/2024	 15:20:47	ec01540d-cf52-49cd-9125-c1da42bff265	PATCH	 /users	undefined
20/02/2024	 15:20:58	083e18e3-42aa-4e32-8f67-ec97be94a2db	PATCH	 /users	undefined
20/02/2024	 15:21:50	aaaaa9cd-d9b5-4d19-a3ed-b751d84da1c0	PATCH	 /users	undefined
20/02/2024	 15:22:26	7c9acfa0-77f4-42c7-af4a-5492da374ef4	PATCH	 /users	undefined
20/02/2024	 15:22:48	ad74be27-59b1-4049-ba48-d384fd636a8f	PATCH	 /users	undefined
20/02/2024	 15:23:00	ac1f0e38-5d01-4782-b2b2-39f7f6cddf57	PATCH	 /users	undefined
20/02/2024	 15:29:12	5995a3ea-19db-4719-a454-3bf8e68532f0	PATCH	 /users	undefined
20/02/2024	 15:35:00	ecdce4f6-c5f5-4a8c-aaeb-cc492f56e199	PATCH	 /users	undefined
20/02/2024	 15:40:32	26362e24-e7ee-48ef-8e99-aa1132abc83e	PATCH	 /users	undefined
20/02/2024	 15:42:47	78b9167e-1483-4897-9a5d-289b45b061bc	PATCH	 /users	undefined
20/02/2024	 15:42:52	271911b1-97bd-40f0-9084-8684db16861e	PATCH	 /users	undefined
20/02/2024	 15:42:54	f53bd5b7-ef27-4448-a901-31b010c1f5fb	GET	 /users	undefined
20/02/2024	 15:51:52	acb9bead-5d5f-4277-9611-5192715673c9	PATCH	 /users	undefined
20/02/2024	 15:53:54	8d9895c5-ab74-4cc3-91d1-322f496dd938	PATCH	 /users	undefined
20/02/2024	 15:53:57	288dc89d-dd49-4c53-8729-34173149c512	PATCH	 /users	undefined
20/02/2024	 15:56:01	c1acaa3e-d1f0-44bf-b715-77fb3386077a	GET	 /users	undefined
20/02/2024	 15:56:15	6b93586d-0ad4-4623-a089-c8fa743afdbc	PATCH	 /users	undefined
20/02/2024	 15:59:24	1aa0d4db-6b8c-4b06-a1e4-ca85737cc8e1	PATCH	 /users	undefined
21/02/2024	 08:43:12	3c1b38a5-638e-4514-89d4-516273a1386f	PATCH	 /users	undefined
21/02/2024	 08:43:16	64465494-39ff-4a83-bd41-a5fa5d467102	GET	 /users	undefined
21/02/2024	 08:45:15	58d2e28e-97bc-44f7-a1e3-470d2bc5c0f9	PATCH	 /users	undefined
21/02/2024	 08:45:31	0e7a01d5-edb9-4232-934c-e8474cca5f09	PATCH	 /users	undefined
21/02/2024	 08:46:51	26b41da0-8bef-4ed5-afac-45245bfec887	PATCH	 /users	undefined
21/02/2024	 08:47:29	e27f2c55-9d91-4b33-bb05-d15a50d67369	PATCH	 /users	undefined
21/02/2024	 08:47:43	65f7e581-9c5e-4295-9296-bc467713baaa	PATCH	 /users	undefined
21/02/2024	 08:49:27	e15a3f9a-e0f0-4b54-8829-0c23132da3aa	PATCH	 /users	undefined
21/02/2024	 08:49:35	3b4ae9e2-aefd-461b-af68-f7402a6076dc	PATCH	 /users	undefined
21/02/2024	 08:49:49	5265f11d-1a7c-43f6-bd2e-1507c72cb994	PATCH	 /users	undefined
21/02/2024	 08:50:19	40e9319c-f9c6-4caf-8465-ead05d8b3b1b	PATCH	 /users	undefined
21/02/2024	 08:50:43	43a2cdb9-cc93-4b39-8be9-56affe49df00	PATCH	 /users	undefined
21/02/2024	 08:50:50	d1737fa9-9382-4c27-b81a-ad9b5025a170	PATCH	 /users	undefined
21/02/2024	 08:50:54	b3fdb7b7-9c02-4dbe-ba4e-ac74f8cd6a2e	PATCH	 /users	undefined
21/02/2024	 08:54:12	5d6b58f5-2eec-4679-aeae-e9a5bd850163	PATCH	 /users	undefined
21/02/2024	 08:54:22	5d56116a-41d0-404f-b731-3276dda9a689	PATCH	 /users	undefined
21/02/2024	 08:54:40	29aff416-96e2-4a62-a57a-284ffef1bd69	PATCH	 /users	undefined
21/02/2024	 08:56:06	be445526-a28e-47f0-839e-c41b431ee496	PATCH	 /users	undefined
21/02/2024	 08:59:01	5c3f509e-9df1-418f-9efb-bf95f827f39d	PATCH	 /users	undefined
21/02/2024	 08:59:19	da8e754b-3732-46af-ae43-14dd07bf2527	PATCH	 /users	undefined
21/02/2024	 09:01:12	d613691f-b86c-4958-8cb2-116f60298b0d	PATCH	 /users	undefined
21/02/2024	 09:10:19	9836a450-7e3d-4c9e-aa32-baf582b02d08	PATCH	 /users	undefined
21/02/2024	 09:36:31	841f8820-174b-4ab8-852e-3b551b01e456	PATCH	 /users	undefined
21/02/2024	 09:37:51	693d2216-50fb-45b2-90d4-9d7f6e8b48cb	PATCH	 /users	undefined
21/02/2024	 09:38:15	3c3ebf15-a8ee-4131-8c7e-332f6905508a	PATCH	 /users	undefined
21/02/2024	 09:43:37	1312ed0a-516c-45d2-9036-aee48831e3a4	DELETE	 /info?id=1	undefined
21/02/2024	 09:43:48	b395f520-f0c9-4508-bfdc-6a57aa1ac510	GET	 /	undefined
21/02/2024	 09:43:48	bc34cab0-708e-4c9a-8721-dbcf6213c42a	GET	 /css/style.css	undefined
21/02/2024	 09:43:48	dd559166-45f5-4ad8-9286-04beb827a1e7	GET	 /favicon.ico	undefined
21/02/2024	 09:43:50	195382a5-b79d-4ebb-982f-97649d6b6127	GET	 /	undefined
21/02/2024	 09:43:50	497bb2ee-b257-4e11-bbfe-14693ebd1eb2	GET	 /css/style.css	undefined
21/02/2024	 09:43:56	48ed881d-7eaf-4cc9-944f-a192facca239	GET	 /users	undefined
21/02/2024	 09:43:58	9399624e-cde4-4717-b9f0-a34738835d55	GET	 /users	undefined
21/02/2024	 09:45:54	0b4d83bf-3c8f-41bc-9461-c8ec7a3d9f46	DELETE	 /users	undefined
21/02/2024	 09:46:11	950e798c-dd01-4120-b725-d8a8cbe0e148	DELETE	 /users	undefined
21/02/2024	 09:46:27	e2368439-76cd-41a9-8a8e-b83ce0e7340d	DELETE	 /users	undefined
21/02/2024	 09:48:08	afa9b3cd-5630-489e-816d-5b222dab6dc6	DELETE	 /users	undefined
21/02/2024	 09:48:32	f20f2fdb-28cc-4089-be0f-915bc9c6c0c5	GET	 /users	undefined
21/02/2024	 09:48:44	feebc391-15e3-471a-a854-243621c9c573	DELETE	 /users	undefined
21/02/2024	 09:49:09	6aa3ce11-8789-48a5-b55c-7e33515862d6	DELETE	 /users	undefined
21/02/2024	 09:49:32	eaf2a82b-1a3d-4b7f-ae32-49b2be36342b	GET	 /users	undefined
21/02/2024	 09:49:36	3bdb9bef-9a4f-4974-94c7-ae6a7fc03c1e	DELETE	 /users	undefined
21/02/2024	 09:49:57	11c45d09-c433-4b98-9738-ff57c3cfafc7	DELETE	 /users	undefined
21/02/2024	 09:50:08	77231388-3b9a-47a2-92db-7e21e28374d4	GET	 /users	undefined
21/02/2024	 09:50:15	3cc8f917-a2b5-467d-9406-2390d2a806c0	DELETE	 /users	undefined
21/02/2024	 09:50:18	f864786b-49cd-4aac-948f-ebc83a4e17d2	GET	 /users	undefined
21/02/2024	 11:09:51	92ec0093-207f-4fea-9e35-8a319953bb59	POST	 /users	undefined
21/02/2024	 11:10:40	5bfb850a-af88-4618-83e8-f53753d9a530	PATCH	 /users	undefined
21/02/2024	 11:10:43	700c65bd-3342-4d12-ba08-2e4915dd91db	PATCH	 /users	undefined
21/02/2024	 11:11:22	371977a0-a5ad-4ffe-9ef9-2d53b288b4d1	PATCH	 /users	undefined
21/02/2024	 11:11:24	839e126f-e72f-4ec1-ac42-a31f3b9e68d9	PATCH	 /users	undefined
21/02/2024	 11:11:33	92f976dd-e95f-405a-a558-499b6cfa7704	PATCH	 /users	undefined
21/02/2024	 11:11:34	28654c19-9aa3-4be1-ab06-3894b348c023	PATCH	 /users	undefined
21/02/2024	 11:24:36	0c51c369-4c4f-4c31-87f5-b933cb65cfb2	POST	 /upload	undefined
21/02/2024	 11:25:03	2bcba4e9-773b-4c3b-a493-fa7218a00a62	POST	 /upload	undefined
21/02/2024	 11:30:06	707f5ec7-92c8-4b22-b944-dbafdb568177	POST	 /upload	undefined
21/02/2024	 11:33:04	2c551a92-9895-4e3d-b5bc-0f69a8cbf169	POST	 /upload	undefined
21/02/2024	 11:35:48	30979b5e-bd7b-4266-8300-bfd4bb52e661	POST	 /upload	undefined
21/02/2024	 11:36:53	aed149c1-eab7-4eed-8c12-ffe64c3ef52a	POST	 /upload	undefined
21/02/2024	 11:37:43	6410a3d8-f379-443a-9b4d-eb7fb819c207	POST	 /upload	undefined
21/02/2024	 11:38:14	d3c6a966-7fc2-4556-8c67-f523a89e4952	POST	 /upload	undefined
21/02/2024	 11:40:06	bf659301-9f42-4439-9a3e-f1aff7193a38	POST	 /upload	undefined
21/02/2024	 11:41:21	d4dd2380-2540-4242-8f4e-55623cc7f991	POST	 /upload	undefined
21/02/2024	 11:41:29	c074fe68-ae21-4179-b5b1-1f12ed718e54	POST	 /upload	undefined
21/02/2024	 11:42:51	96cb996c-f757-4d5c-9e5b-17736cd6ec51	POST	 /upload	undefined
21/02/2024	 11:43:00	3b2f03e0-51ae-46ae-aab1-8d6d9baa00bf	POST	 /upload	undefined
21/02/2024	 11:43:08	00bc2c67-d308-48f4-a608-e557c10d9ae5	POST	 /upload	undefined
21/02/2024	 11:48:21	36abf2f8-c881-4a8c-9b21-82b5c3cb2ad4	POST	 /upload	undefined
21/02/2024	 11:48:30	7a9ae920-cf5d-4033-8726-bb8252d6cdce	POST	 /upload	undefined
21/02/2024	 11:50:16	62969a77-5fd1-4de1-bd7a-618dfed8e496	POST	 /upload	undefined
21/02/2024	 11:51:04	cfe3e166-225a-4170-86f5-fb9fe41f03a9	POST	 /upload	undefined
21/02/2024	 11:52:16	4dbf569a-6edc-4cfb-8aae-06b5ff3b8aa3	POST	 /upload	undefined
21/02/2024	 11:53:19	8bf08c40-bce5-49d7-bf10-5a5549b7faad	POST	 /upload	undefined
21/02/2024	 11:53:37	c6ec5cd7-f44d-427d-a42b-e0f7279e1f92	POST	 /upload	undefined
21/02/2024	 11:53:43	dd107771-bd6b-4aa6-98f3-7d20136dcf6b	POST	 /upload	undefined
21/02/2024	 11:54:27	a12b91fa-cd70-4bb4-9a13-ed90413b3de3	POST	 /users	undefined
21/02/2024	 11:54:31	e2590e17-3c04-42a7-8a94-8c1552e2a48c	POST	 /users	undefined
21/02/2024	 11:54:36	9ec7e85d-c4cf-4028-a3b1-d2e89c24fcd4	GET	 /users	undefined
21/02/2024	 11:55:20	1a0b22c3-bf68-4cef-843c-fd7e87c43fc3	POST	 /upload	undefined
21/02/2024	 11:55:30	1518f90d-25d5-4564-862b-2d5ba2431908	GET	 /users	undefined
21/02/2024	 11:56:57	bce1027f-eed6-42d6-8391-933f57375d81	POST	 /upload	undefined
21/02/2024	 11:57:10	eb50c8fb-f917-401b-94d0-17b8a83d9d43	POST	 /upload	undefined
21/02/2024	 11:57:43	76de3729-6b5c-4f42-806d-c6d118b6e767	GET	 /users	undefined
21/02/2024	 11:58:16	28156276-bbfb-4980-becb-0f973288c0ba	POST	 /upload	undefined
21/02/2024	 11:58:26	d120892d-e536-45d3-b1c7-917effc83d25	POST	 /upload	undefined
21/02/2024	 11:58:31	a9acc853-ee51-4755-a934-3e4e8070d5a9	GET	 /users	undefined
21/02/2024	 12:01:40	5b57f5f4-96b7-4fd7-bbbf-5b1a5c242461	POST	 /upload	undefined
21/02/2024	 12:02:11	e3c36833-4d0a-4030-a189-8aa5e26d1dde	POST	 /upload	undefined
21/02/2024	 12:02:12	4c6446a5-d1e3-4cf8-9593-aace61c46ff3	POST	 /upload	undefined
21/02/2024	 12:05:46	afdc4d89-3e5a-414a-bf83-a0fe81c3d88b	POST	 /upload	undefined
21/02/2024	 12:05:56	d078dd58-6dba-451b-a98e-fc5b0fce1eac	POST	 /upload	undefined
21/02/2024	 12:06:19	e00dc129-6c64-4068-8f12-2f6f803afb92	POST	 /upload	undefined
21/02/2024	 12:06:21	b4614a3f-859b-4a5a-b8c0-e58ae95d5fc4	POST	 /upload	undefined
21/02/2024	 12:07:06	6b893a76-0598-46d7-8cf9-377815f842f1	POST	 /upload	undefined
21/02/2024	 12:08:21	f767cfaa-3cfc-4f74-a8ef-462499b77f92	POST	 /upload	undefined
21/02/2024	 12:08:54	c2af8d2e-aba9-4af2-83ea-905291749d49	POST	 /upload	undefined
21/02/2024	 12:09:02	6ff9edfa-48b3-4aca-9db2-a69fd2e7b64f	POST	 /upload	undefined
21/02/2024	 12:09:14	153d0afb-c2ff-4b3e-ab41-5b7eeedf4142	POST	 /upload	undefined
21/02/2024	 12:09:28	7a858313-9728-4540-a0a3-d939807f46c1	POST	 /upload	undefined
21/02/2024	 12:09:44	aafbb8b5-7f6b-4c14-a44c-2962266cf098	POST	 /upload	undefined
21/02/2024	 12:11:20	eb9e70f8-bb5e-4f4f-b132-82d2fdfb4b80	POST	 /upload	undefined
21/02/2024	 12:12:27	dbe13222-9da6-419b-bedf-e6a225b51a18	POST	 /upload	undefined
21/02/2024	 12:15:52	68f4bc5a-49d0-475e-93ab-33314f394e33	POST	 /upload	undefined
21/02/2024	 12:15:55	8ec2dd70-1b2d-4952-b94d-e512f9f26cbf	POST	 /upload	undefined
21/02/2024	 12:16:52	6191cbbe-7dcc-40f1-a1a3-492433ce07c6	POST	 /upload	undefined
21/02/2024	 12:17:58	4897dd4f-f9c7-4dce-8f10-c5ef5fe4d15c	POST	 /upload	undefined
21/02/2024	 12:20:44	9142a94f-ff39-4db1-89ca-387a57ddfe81	POST	 /upload	undefined
21/02/2024	 12:21:13	af48fdd2-1a2d-4eaa-a185-ccd875720d46	POST	 /upload	undefined
21/02/2024	 12:23:23	91516fec-abb8-461a-a740-97544482ad96	POST	 /upload	undefined
21/02/2024	 12:24:35	55dfb723-bfdd-4701-ab84-42da6dec036e	POST	 /upload	undefined
21/02/2024	 12:24:44	d7272448-a098-4cd5-a21a-92c765f2028c	POST	 /upload	undefined
21/02/2024	 12:25:13	e41b155e-b936-4678-a25b-0a596cbf11d5	POST	 /upload	undefined
21/02/2024	 12:27:01	97e36ca6-1a05-4efa-b0a4-1df3f6598050	POST	 /upload	undefined
21/02/2024	 12:27:34	c630deb6-c93b-459c-814e-f23c873c178f	POST	 /upload	undefined
21/02/2024	 12:44:53	c1c7bd31-3a77-4b09-a9ed-cc9e7c1a9906	POST	 /upload/background-img	undefined
21/02/2024	 12:45:07	d02a9d5c-01ca-4a78-830e-33aa146d3077	POST	 /upload/background-img	undefined
21/02/2024	 12:45:29	46a76cfb-5711-4797-9d83-f879be713366	POST	 /upload/background-img	undefined
21/02/2024	 12:46:38	240dd399-6bd6-4c90-92e9-53fee6181e25	POST	 /upload/background-img	undefined
21/02/2024	 12:46:51	c152f26f-2f39-44bc-ac65-6d75a64c8d55	POST	 /upload/background-img	undefined
21/02/2024	 12:47:40	f6a7238f-a881-4a2f-a411-f594425e019c	POST	 /upload/background-img	undefined
21/02/2024	 12:47:59	d6181521-e374-4239-acea-bcf5485c95a1	POST	 /upload/background-img	undefined
21/02/2024	 12:48:22	41a1bab7-5401-4963-898c-2faa77cbc3d4	POST	 /upload/background-img	undefined
21/02/2024	 12:48:46	83a39bb3-e5f5-4c6a-b8df-d50e3e8d31b8	POST	 /upload/background-img	undefined
21/02/2024	 12:49:04	819cfbaa-6979-4d8b-a34a-45b03ca0651f	GET	 /users	undefined
21/02/2024	 12:49:16	4734f440-8ef3-46f0-9c7f-14ed6a16baac	POST	 /upload/background-img	undefined
21/02/2024	 12:49:19	57feb01e-b0e1-439b-a50c-70373ff575fc	POST	 /upload/background-img	undefined
21/02/2024	 12:49:21	0efdd00d-b790-4e70-8084-f503c34a0ab3	POST	 /upload/background-img	undefined
21/02/2024	 12:49:27	4b873dd5-42c8-4717-bc05-c196060f7c09	GET	 /users	undefined
21/02/2024	 12:51:19	f2a4f68a-25ed-4261-acaa-202792d4a1b3	POST	 /upload/background-img	undefined
21/02/2024	 12:51:21	7ca56ff9-db1f-4682-bf2a-5268750b84b1	POST	 /upload/background-img	undefined
21/02/2024	 12:51:32	926b235b-91f3-411e-b886-819e80b380cc	POST	 /users	undefined
21/02/2024	 12:51:39	4be2e333-c17e-493a-a3ce-1267e23e4259	GET	 /users	undefined
21/02/2024	 12:51:50	199a81fd-c7a6-40a8-a4d6-0dbb8228bec0	POST	 /upload/background-img	undefined
21/02/2024	 12:52:02	e4a3930a-ada3-47e9-8e0a-8dbd785417d2	POST	 /upload/background-img	undefined
21/02/2024	 12:52:08	4d2ce8cc-9baf-496a-9c2d-265466d02764	POST	 /upload/background-img	undefined
21/02/2024	 12:52:19	c7287167-34b0-4ed3-8505-40a952d6d4d3	POST	 /upload/background-img	undefined
21/02/2024	 13:32:42	adba28ad-0d5e-482e-8385-084c15f3a416	POST	 /upload/avatar	undefined
21/02/2024	 13:36:37	344795dd-dbea-4259-aeed-9f59605893b6	GET	 /	undefined
21/02/2024	 13:36:37	d0e99829-5625-4a46-9679-d3297d0d3245	GET	 /css/style.css	undefined
21/02/2024	 13:36:42	7d1dc792-a9a0-4bf4-b86e-63bd7769cae7	GET	 /asdas	undefined
21/02/2024	 13:36:42	e2939e35-247e-49eb-92c4-2ca6d7dfb555	GET	 /css/style.css	undefined
21/02/2024	 13:36:46	4a8b508d-d49b-471c-b337-eb9ae5a4e2c4	GET	 /	undefined
21/02/2024	 13:36:46	91143e0f-824b-4b41-8236-58e09f2072f7	GET	 /css/style.css	undefined
21/02/2024	 13:58:48	62a6ecd1-92a6-42c7-8e22-2c33376bbd59	POST	 /users	undefined
21/02/2024	 13:58:57	14bd0847-c3ef-41cc-afec-f971ae93dbf3	GET	 /users	undefined
21/02/2024	 14:55:30	29a7b355-d041-49e5-8a01-c470ac1e4803	GET	 /product	undefined
21/02/2024	 14:55:41	812e7764-7079-47d7-bff8-9328bce20ed5	GET	 /products	undefined
21/02/2024	 14:55:41	d276827a-1574-409a-a1d4-d2d5e39c5154	GET	 /css/style.css	undefined
21/02/2024	 14:56:31	b20f853d-4190-4157-aca3-ba2e9440bc05	GET	 /product	undefined
21/02/2024	 15:30:40	f4ad3f3f-5442-4a5f-b1c6-1ff021a1e0e1	POST	 /product	undefined
21/02/2024	 15:31:02	032c1b91-cd3e-451a-9d42-0b0f507a66b2	GET	 /product	undefined
21/02/2024	 15:31:57	15612d0c-c809-4e44-9bea-821e93ff5acf	GET	 /product	undefined
21/02/2024	 15:32:24	8ab5a5d1-d529-4ed0-b651-fdb597dd845d	GET	 /product	undefined
21/02/2024	 15:33:27	3d61aae7-280d-4422-934a-6e14c19d65e1	POST	 /product	undefined
21/02/2024	 15:33:30	86e2888b-5def-4b56-ab3c-cce32dbf04ad	GET	 /product	undefined
21/02/2024	 15:37:09	e3de4f64-ae6b-4a6b-9add-c48a20809927	GET	 /product/65d5f388adf69f1495ac3e23	undefined
21/02/2024	 15:37:31	4d58d6c4-090b-43ee-a05f-b4e97da3f5d7	GET	 /product/	undefined
21/02/2024	 15:39:21	9c9c1965-606c-425d-bf4f-899fa539c690	GET	 /product/65d5f388adf69f1495ac3e23	undefined
21/02/2024	 15:39:38	16141f6f-07ef-4114-b51d-67d4cc83b86b	GET	 /product/65d5f388adf69f1495ac3e23	undefined
21/02/2024	 15:40:04	8a7d02cd-3d63-44d5-87f8-ddf03f3ec2e5	GET	 /product/65d5f388adf69f1495ac3e23	undefined
21/02/2024	 15:40:06	b898ae2a-4dc4-4c95-abff-6b5f654f01c4	GET	 /product/65d5f388adf69f1495ac3e23	undefined
21/02/2024	 15:40:19	e648d1cf-e424-45fd-ba6e-64a730c6b4f8	GET	 /product/65d5f388adf69f1495ac3e23	undefined
21/02/2024	 15:40:27	515d840f-9a62-42f2-8b6d-e1276f91d91d	GET	 /product/65d5f388adf69f1495ac3e23	undefined
21/02/2024	 15:40:32	ed4fed2f-13c3-40b2-af12-ea96c9949eb2	GET	 /product/65d5f388adf69f1495ac3e23	undefined
21/02/2024	 15:40:51	04dc0f33-b2db-4004-aca8-07bfcb63c521	GET	 /product	undefined
21/02/2024	 15:41:25	329b35a8-9a66-4982-a14d-e9ed0be15991	GET	 /product/65d5f388adf69f1495ac3e23	undefined
21/02/2024	 15:42:02	189e414d-4730-44f8-901d-b53781a748a9	GET	 /product/65d609b7ee374061fd4f0706	undefined
21/02/2024	 15:42:13	af0b0ad7-f569-418a-9b45-16ebc4adb886	GET	 /products	undefined
21/02/2024	 15:42:17	9957371c-d9f9-43ba-831f-4367928c456f	GET	 /product	undefined
21/02/2024	 15:42:42	cc3820e1-c2a1-4224-8e37-ece2f8d58d39	GET	 /product	undefined
21/02/2024	 15:44:20	2a02dcb8-401a-44a0-a0e9-b4135ebf1c2c	GET	 /product	undefined
21/02/2024	 15:45:13	71ab4867-398d-4000-bf3b-29aab59f1ac6	GET	 /product	undefined
21/02/2024	 15:45:22	a505023c-ca95-4d79-96ec-55966b628b42	GET	 /product	undefined
21/02/2024	 15:46:04	e8184598-d41d-4af5-a95a-d0af3edb0abf	GET	 /product/65d609103f743b29aab4e116	undefined
21/02/2024	 15:48:26	2147a6fb-9798-4362-9461-c4d57f2217c5	GET	 /product/65d609103f743b29aab4e116	undefined
26/02/2024	 09:01:45	e2c59804-1123-4687-88c7-ed5125f070cf	GET	 /product/65d609103f743b29aab4e116	undefined
26/02/2024	 09:40:54	1624830a-db8c-4d12-a462-accc680e57af	POST	 /upload/avatar	undefined
26/02/2024	 09:41:40	caa3e27a-c3e8-4e4d-8764-739e44b0ff6a	POST	 /upload/avatar	undefined
26/02/2024	 09:42:07	894f1b84-670a-4133-bae6-627a3d0736ca	POST	 /upload/avatar	undefined
26/02/2024	 09:42:48	9a328114-1112-4ee5-9d00-241839eacf35	POST	 /upload/avatar	undefined
26/02/2024	 09:42:49	5e1c65be-e3fc-4f53-a548-6d14eca9559c	POST	 /upload/avatar	undefined
26/02/2024	 09:43:10	ed321817-4c73-43ae-a0aa-e4c96696bec1	POST	 /upload/product-upload	undefined
26/02/2024	 09:43:27	4710ef7e-f9ac-4704-a06e-128b4704d310	POST	 /upload/product-upload	undefined
26/02/2024	 09:43:36	455cfe98-37f8-467c-98d0-2e4f6eb8b061	POST	 /upload/product-upload	undefined
26/02/2024	 09:44:27	2a0edce9-43cc-45ba-b926-b4f3f53a63b3	POST	 /upload/product-upload	undefined
26/02/2024	 09:46:25	615c645d-3010-46ec-8db4-4608d9858aae	POST	 /upload/product-upload	undefined
26/02/2024	 09:46:49	06053151-19fa-48c8-826f-84f6015927d7	POST	 /upload/product-upload	undefined
26/02/2024	 09:50:03	235f51c5-47a8-4bd7-85c0-f89a52bff1d7	POST	 /upload/product-upload	undefined
26/02/2024	 09:50:36	4a6b274d-02a3-4fe5-9236-c077076ec92b	POST	 /upload/product-upload	undefined
26/02/2024	 10:04:12	85534c3a-69a5-4319-a97c-5fd0a99a8da7	POST	 /product	undefined
26/02/2024	 10:04:15	1b49eaaa-fd08-4bee-ac57-587c35434c7c	GET	 /product/65d609103f743b29aab4e116	undefined
26/02/2024	 10:04:22	4fb579dd-316e-4ebd-9de8-ad1bd773dfab	GET	 /product	undefined
26/02/2024	 10:04:42	d82d914f-cb81-4013-b957-882b91aeb562	GET	 /product/65dc540c8bf31a5d0ecaa20a	undefined
26/02/2024	 10:06:38	99f5d024-100d-493d-82e1-f4e946994cba	POST	 /upload/product-upload	undefined
26/02/2024	 10:07:32	bda446e4-b9de-4f22-83b6-e60bb44c56ff	POST	 /upload/product-upload	undefined
26/02/2024	 10:07:58	f83a65a9-5dd8-4452-b8dd-d47bd09041c1	POST	 /upload/product-upload	undefined
26/02/2024	 10:09:05	7a0bd68b-316c-44d1-9f71-e2eead8c6f71	POST	 /upload/product-upload	undefined
26/02/2024	 10:09:12	c5350940-accc-46d8-9bf3-62206b6130cb	POST	 /upload/product-upload	undefined
26/02/2024	 10:09:31	035a42f7-e58a-4696-85a4-3f9a629fc62e	GET	 /users	undefined
26/02/2024	 10:09:36	cdf86293-2ab1-46e5-ad52-421d828b553a	GET	 /users/65d5f388adf69f1495ac3e23	undefined
26/02/2024	 10:09:39	8a9a19e7-4119-4f7b-8dda-faa6c45fdb8e	GET	 /users	undefined
26/02/2024	 10:09:55	ab7ff95f-644b-4d5c-8e71-3de98fc8adc0	GET	 /users	undefined
26/02/2024	 10:10:12	15dfacbd-84d4-4b84-b172-193b8da8be72	GET	 /users	undefined
26/02/2024	 10:21:03	c560010c-6f27-47fa-a6e1-d1775256b408	POST	 /upload/product-upload	undefined
26/02/2024	 10:21:04	7429bf32-29e2-422c-9f4f-12cb5350966a	POST	 /upload/product-upload	undefined
26/02/2024	 10:21:19	e8f5d402-b54f-459c-b349-1a5c82af45d3	POST	 /upload/product-upload	undefined
26/02/2024	 10:21:20	ae20313a-705e-4a35-8a62-09dca0d3fac1	POST	 /upload/product-upload	undefined
26/02/2024	 10:21:39	291c2b60-1a58-4aef-8785-0781b43cfd2b	POST	 /upload/product-upload	undefined
26/02/2024	 10:22:13	64718f79-dc29-40b6-8c35-a4e1bdbf1293	POST	 /upload/product-upload	undefined
26/02/2024	 10:22:21	9f99ef59-2844-464c-b2b8-9b1255be6ba1	POST	 /upload/product-upload	undefined
26/02/2024	 10:23:58	8dfd90fd-d777-4f57-b071-a6ac4f08aaa8	POST	 /upload/product-upload	undefined
26/02/2024	 10:24:19	2ad6a0d5-e950-40a0-8317-97ca8f4bb243	POST	 /upload/product-upload	undefined
26/02/2024	 10:25:02	471a2da1-48aa-49ba-9e4c-2cba0e8c1182	POST	 /upload/product-upload	undefined
26/02/2024	 10:25:25	55b13778-1073-4fb0-929a-7ac0329c765e	GET	 /product/65dc540c8bf31a5d0ecaa20a	undefined
26/02/2024	 10:26:00	df9786d0-495b-445f-97b7-d014f1b5f994	POST	 /product	undefined
26/02/2024	 10:26:04	9297a858-24a9-4c4c-892b-f86097d326d1	GET	 /product/65dc540c8bf31a5d0ecaa20a	undefined
26/02/2024	 10:26:12	5e754ce6-ab4e-4d3c-9c49-999a2907b14e	GET	 /product	undefined
26/02/2024	 10:26:26	0e3dfcce-4b97-4283-af4c-d5aa98e7e106	POST	 /upload/product-upload	undefined
26/02/2024	 10:26:48	3622d370-ec88-4b68-a3dc-b7ff3998baee	POST	 /upload/product-upload	undefined
26/02/2024	 10:27:47	c44db476-2f80-4a4f-bf7a-7d22962b409b	POST	 /product	undefined
26/02/2024	 10:28:10	83341de0-42db-4fc1-8015-05b1b566eeb7	GET	 /product	undefined
26/02/2024	 10:28:26	38c307b9-13a5-480c-a6a2-63b4702b91d6	POST	 /upload/product-upload	undefined
26/02/2024	 10:34:24	89130a82-589b-4e06-8807-909116fe0577	GET	 /	undefined
26/02/2024	 10:34:25	b9d5aa85-3e65-4d95-9f26-8efc660a30b6	GET	 /css/style.css	undefined
26/02/2024	 10:34:25	7eff3cd2-0d80-4e5d-b1e5-1c4427d6eb43	GET	 /favicon.ico	undefined
26/02/2024	 11:52:37	f28a2682-47f4-4de1-9bbe-3559008f81b2	GET	 /users/65d5e3c569eca0968a25a1aa	undefined
26/02/2024	 11:54:15	7ebf5818-6086-45fe-bc61-175a74b4da23	GET	 /users/65d5e3c569eca0968a25a1aa	undefined
26/02/2024	 11:54:51	3bfb9405-b97e-4b83-b220-8471ac40390a	GET	 /users/65d5e3c569eca0968a25a1aa	undefined
26/02/2024	 11:55:11	0105abcc-30fa-41cf-a61d-6578672cf87e	GET	 /users/65d5e3c569eca0968a25a1aa	undefined
26/02/2024	 11:55:33	a64cde7c-ae93-4cab-86ee-c896884ca2bc	GET	 /users/65d5e3c569eca0968a25a1aa	undefined
26/02/2024	 11:56:21	f6100542-6b9a-434b-aab2-9d68d3d7172f	GET	 /users/65d5e3c569eca0968a25a1aa	undefined
26/02/2024	 12:07:52	13399617-569f-4281-a999-56751559d0c0	POST	 /product	undefined
26/02/2024	 12:07:56	c35914d9-ea71-414e-a133-0e01cdfa57e2	GET	 /product	undefined
26/02/2024	 12:10:50	810a0bda-073a-434b-b7fa-30f872e858e1	POST	 /product	undefined
26/02/2024	 12:11:05	1d0caeef-1511-4b77-acf7-931e681ec208	POST	 /product	undefined
26/02/2024	 12:11:24	26ee2f4e-abb0-43d2-a9b6-cba781f0aec7	POST	 /product	undefined
26/02/2024	 12:11:35	b00c7e52-fe8a-43de-9009-60e6bac9792a	POST	 /product	undefined
26/02/2024	 12:25:10	3724627a-6c2d-4225-be1f-b3329a34634c	POST	 /product	undefined
26/02/2024	 12:25:24	06ae6791-5e0c-4e38-a501-4dac6a8fdec0	POST	 /product	undefined
26/02/2024	 12:26:04	aad00672-f015-4b78-bfca-b66306ac76a3	POST	 /product	undefined
26/02/2024	 12:26:22	65a64304-8476-487d-b4ac-b6c5efa83b9a	POST	 /product	undefined
26/02/2024	 12:27:11	9486badf-6141-4725-872b-b23ac3a92869	POST	 /product	undefined
26/02/2024	 12:27:29	a7aa6aca-516f-4cbf-a9f6-da7033bece22	POST	 /product	undefined
26/02/2024	 12:28:30	7c8f8581-603e-49e3-b6f1-ec01583ea4ab	POST	 /product	undefined
26/02/2024	 12:28:41	5fa3c4de-b0e4-4d0a-8e67-5098231c6d4e	POST	 /product	undefined
26/02/2024	 12:28:53	68f289cb-8f61-4dd0-9152-ff1e84c99e78	POST	 /product	undefined
26/02/2024	 12:29:23	b1e6d5be-2a08-44e8-aace-95f0f90a430d	POST	 /product	undefined
26/02/2024	 12:29:58	336f4c89-f4b8-403b-b517-6286fbcb4eff	GET	 /users/65d5e3c569eca0968a25a1aa	undefined
26/02/2024	 12:33:05	df9c1c8f-00e3-4eb1-8fa7-8acf8f66523f	GET	 /users/65d5e3c569eca0968a25a1aa	undefined
26/02/2024	 12:33:32	54579bf3-03f2-49ba-8b19-e1b81fbe6fa7	GET	 /users/65d5e3c569eca0968a25a1aa	undefined
26/02/2024	 12:33:36	689a179a-7f5a-4b17-95c1-4fb0b07f1daf	GET	 /users/65d5e3c569eca0968a25a1aa	undefined
26/02/2024	 12:33:51	de6397b3-be40-4d48-a2ce-4f3b52f6c8ff	GET	 /users/65d5e3c569eca0968a25a1aa	undefined
26/02/2024	 12:33:52	0a02ab68-1268-405c-8ecb-ecc23cc14a43	GET	 /users/65d5e3c569eca0968a25a1aa	undefined
26/02/2024	 12:34:10	a83fba9e-3df0-4292-adb0-9e9f4b4177b6	GET	 /users/65d5e3c569eca0968a25a1aa	undefined
26/02/2024	 12:34:27	0d2ca685-b2ae-4dcd-85ff-dc5474f31134	POST	 /product	undefined
26/02/2024	 12:34:40	937c4ccc-b457-4818-bb2f-d3fd4a6d8fa8	POST	 /product	undefined
26/02/2024	 12:34:52	68511b8d-64d2-4b93-839e-31eee2f95616	POST	 /product	undefined
26/02/2024	 12:35:05	d3bb9139-69c1-41fc-8989-b8c94f4022ad	POST	 /product	undefined
26/02/2024	 12:35:31	7690f220-e781-463a-bfed-4cfd27646fa4	POST	 /product	undefined
26/02/2024	 12:35:46	e5a6bab6-8e0d-4063-85e7-48b55c5e2b1a	POST	 /product	undefined
26/02/2024	 12:35:49	225a23e8-827c-412a-a476-0566d5517cba	POST	 /product	undefined
26/02/2024	 12:36:42	80317184-4607-49e5-b7a8-80cb8b032d0c	POST	 /product	undefined
26/02/2024	 12:36:44	a0ff37cd-02a8-4f43-85fd-d83e024ee3b7	POST	 /product	undefined
26/02/2024	 12:36:54	9619e5d0-a541-4308-ae81-8a4103e3d301	POST	 /product	undefined
26/02/2024	 12:38:10	7be2e812-9c7d-4b8a-933d-9f5195a5f874	POST	 /product	undefined
26/02/2024	 12:38:57	2e1b6236-0a47-4e7f-b2e6-bd611e37e517	POST	 /product	undefined
26/02/2024	 12:39:30	0e55e940-f673-4127-80fa-84577771e6eb	POST	 /product	undefined
26/02/2024	 12:39:54	97d07e91-8003-426b-a6eb-2a5fec92a212	POST	 /product	undefined
26/02/2024	 12:40:13	57c13686-4c43-4463-b2d8-c74cdd566377	POST	 /product	undefined
26/02/2024	 12:41:46	8717c300-c709-4088-a765-76c9d0f77628	POST	 /product	undefined
26/02/2024	 12:41:59	6bbc36d3-18ea-4473-acac-5411e608b9f6	POST	 /product	undefined
26/02/2024	 12:42:05	d1794f70-3e2d-45ad-8659-4392a14f1f4e	POST	 /product	undefined
26/02/2024	 12:42:19	45f2a16d-080e-44e9-bfc5-15ae826b6bae	POST	 /product	undefined
26/02/2024	 12:42:31	a8945a32-9c57-4096-9737-0c9f377d622d	POST	 /product	undefined
26/02/2024	 12:43:07	af008476-7fb4-428a-9ca9-b25b7efe2b37	POST	 /product	undefined
26/02/2024	 12:46:40	2bf1a05c-907d-4f72-ae07-695bc1e81231	POST	 /product	undefined
26/02/2024	 12:47:39	842632ea-6660-4387-a365-aca4ef7dc79c	POST	 /product	undefined
26/02/2024	 12:47:49	43b7997d-cb47-477d-9ead-d013c0adf015	POST	 /product	undefined
26/02/2024	 12:47:56	2fcab321-2ce4-445f-a21e-e767c68f6cf1	POST	 /product	undefined
26/02/2024	 12:48:53	d549b625-a796-4166-b184-db8dff7db649	POST	 /product	undefined
26/02/2024	 12:49:01	c3c5c0b2-feed-454d-a9c2-71dbd0f50365	GET	 /product	undefined
26/02/2024	 12:49:48	a5b8b0c6-14d0-40a2-b4dc-52b04111940b	POST	 /product	undefined
26/02/2024	 12:49:52	6f15ebd3-8022-4283-a4a6-7e5e6febf7df	GET	 /product	undefined
26/02/2024	 12:51:02	1574a89b-ef0e-487f-b508-836cf20772f7	POST	 /product	undefined
26/02/2024	 12:51:06	d4d0ce7e-418d-4072-b283-2d7dce52f5e0	GET	 /product	undefined
26/02/2024	 12:55:39	cce9235d-6bf1-4ae8-8917-6e0805d05ef0	GET	 /product	undefined
26/02/2024	 12:55:44	6d8c7da0-a0b2-479a-9e05-5e4e7c7cdad0	GET	 /product	undefined
26/02/2024	 12:55:46	cdf32225-3a84-41b3-a6c6-ff86a00cd59b	GET	 /product	undefined
26/02/2024	 12:56:04	81312ca6-10a9-47af-af49-a86a73b8be3b	GET	 /product	undefined
26/02/2024	 12:56:11	91ccc6fb-d409-4d68-a24e-bf866b6100e1	GET	 /product	undefined
26/02/2024	 12:56:13	5f454016-5c8e-430f-9ec8-0b8bfc6597cd	GET	 /product	undefined
26/02/2024	 12:56:25	00216e3b-6570-48b2-a06c-723502b0bb4e	GET	 /product	undefined
26/02/2024	 12:56:26	7e0f7bed-b283-4ba7-a5aa-cfedce9f6dc0	GET	 /product	undefined
26/02/2024	 12:56:34	b05ab26d-c8b3-4a23-9dfa-6aed06007ce2	GET	 /product	undefined
26/02/2024	 12:56:36	954391d2-0677-49f7-8d8c-0990718f6b89	GET	 /product	undefined
26/02/2024	 12:56:38	beff4c0b-fb59-4108-8ae9-1b10ef840a9f	GET	 /product	undefined
26/02/2024	 12:57:31	54871fed-f685-4fcd-a454-27adf3c813ba	GET	 /product	undefined
26/02/2024	 13:01:48	09e90487-b8ab-4119-b605-7d6f99ac3330	GET	 /product	undefined
26/02/2024	 13:01:49	2c26a725-7303-4a1f-957c-0a6cd958af02	GET	 /product	undefined
26/02/2024	 13:02:13	869313cd-490c-4b04-9431-8872177c30bc	GET	 /product	undefined
26/02/2024	 13:02:14	a3edd53a-7bf3-4151-a89c-f88d184d7a1d	GET	 /product	undefined
26/02/2024	 13:02:14	8342e576-7c12-4260-83d7-15813a96734b	GET	 /product	undefined
26/02/2024	 13:02:15	82ff36af-3468-48b6-b39d-f0cdb803f2fb	GET	 /product	undefined
26/02/2024	 13:02:16	44822505-dc82-40cf-b060-b17948915997	GET	 /product	undefined
26/02/2024	 13:02:17	8a89d0b6-5cb4-4326-acc3-ef2f8b4bffb1	GET	 /product	undefined
26/02/2024	 13:02:18	6073fe31-6509-4179-9ca9-3904643533b9	GET	 /product	undefined
26/02/2024	 13:02:18	29bc3450-a18a-4faf-8a39-8bd119e1e0dc	GET	 /product	undefined
26/02/2024	 13:02:19	3da3d4ed-352e-4d35-a896-f8753b4e7ced	GET	 /product	undefined
26/02/2024	 13:02:20	9ee44af0-c33f-44fd-ae56-252f454c6463	GET	 /product	undefined
26/02/2024	 13:03:34	f729ac93-9984-41a0-9e0e-21a9250cf1ed	GET	 /product	undefined
26/02/2024	 13:03:36	5fe5861e-50f7-466c-8b2e-090cea768a3e	GET	 /product	undefined
26/02/2024	 13:03:37	eae9ac61-ce50-4b45-96eb-62d1c4d9e5f1	GET	 /product	undefined
26/02/2024	 13:05:26	f624bd9b-96fc-4f8c-8a21-5c18546d5c44	GET	 /product	undefined
26/02/2024	 13:05:38	efc23e12-4f68-461e-aba9-f521caa02f52	GET	 /product	undefined
26/02/2024	 13:05:40	e293dc9c-b228-4353-bcd7-a6e33d72589b	GET	 /product	undefined
26/02/2024	 13:05:44	419e9e82-9ad3-46f6-a66a-2c1c830f9fad	GET	 /product	undefined
26/02/2024	 13:05:45	4110ae00-0a8f-4d85-9a45-af2a81ba7af8	GET	 /product	undefined
26/02/2024	 13:05:46	f9947050-4aaf-423b-a0a1-a0ddf505646e	GET	 /product	undefined
26/02/2024	 13:07:05	cd5a0b94-35ed-436d-8da5-3d06dc48521d	GET	 /product	undefined
26/02/2024	 13:07:13	cce2758a-81f7-477d-a602-78bd690b80c9	GET	 /product	undefined
26/02/2024	 13:07:32	f528ef14-f9b4-48ff-bdf9-55bf4cbe3ad0	GET	 /product	undefined
26/02/2024	 13:09:40	1ba4e7ca-f194-4f3b-9ea3-49650e15fcf1	GET	 /product	undefined
26/02/2024	 13:09:51	371047d7-4c1c-4ec9-90dc-643a32735f43	GET	 /product	undefined
26/02/2024	 13:09:56	e01602f4-ede0-4498-9ab2-9279837a5197	GET	 /product	undefined
26/02/2024	 13:11:23	9a2359cc-7b95-442d-a895-da9fff0eb293	GET	 /product	undefined
26/02/2024	 13:18:35	8a0de364-1fcb-4c8a-88f8-d92fbabb423c	GET	 /product	undefined
26/02/2024	 13:21:05	a3d34d34-8f35-40da-9286-c59f3b4210e7	GET	 /product	undefined
26/02/2024	 13:21:47	27133d9a-cc6b-4cd4-b6aa-8fc4790d9cdf	GET	 /product	undefined
26/02/2024	 13:22:10	c64f963b-e2f3-4a4c-9bc5-081066597c89	GET	 /product	undefined
26/02/2024	 13:22:19	4950a6b2-e4b7-407d-8224-f9bf66e5decd	GET	 /product	undefined
26/02/2024	 13:22:33	b9b03bad-e5db-46f0-8bcd-42535b0a23b2	GET	 /product	undefined
26/02/2024	 13:22:56	39985a4f-483f-41c7-b2f0-d4804b615bf4	GET	 /product	undefined
26/02/2024	 13:26:37	a0fda8b7-5c80-4a40-884a-687b80ce1332	GET	 /product	undefined
26/02/2024	 13:26:47	c604002d-e931-46dd-a7b0-a2426b6df041	GET	 /product	undefined
26/02/2024	 13:27:12	488db5d6-3aba-4415-8110-cf5aa0981756	GET	 /product	undefined
26/02/2024	 13:27:14	aa2f2d29-d450-4422-8e44-dce7aa42f4cf	GET	 /product	undefined
26/02/2024	 13:27:15	88a7a29e-5ffb-49d4-86e3-0b2c862577ce	GET	 /product	undefined
26/02/2024	 13:37:58	a7ce87df-471b-4258-aac2-876e5b1968d0	GET	 /product	undefined
26/02/2024	 13:41:24	207abab8-5c6e-4b75-8fdf-bd7ae8c47525	POST	 /users	undefined
26/02/2024	 13:41:31	b889f816-5c0d-4d84-871f-46e40394c482	GET	 /users/65d5e3c569eca0968a25a1aa	undefined
26/02/2024	 13:41:36	35764980-df6c-49fa-9550-a848c17456c6	GET	 /users/65d5e3c569eca0968a25a1aa	undefined
26/02/2024	 13:41:48	49ec442a-517a-46c1-a4d6-40967ca24b03	GET	 /users	undefined
26/02/2024	 13:42:37	afed9bed-de89-4172-bcac-3804b04a0ec1	GET	 /users	undefined
26/02/2024	 13:42:53	9409e65e-31ee-431b-b53d-6fd2570ec23f	GET	 /users	undefined
26/02/2024	 13:43:01	34709b6e-8358-40ac-ac71-3b920628572a	GET	 /users/65dc86f4cba249176c6083ab	undefined
26/02/2024	 13:43:13	02f99f0e-c1a6-48ad-afce-e257d5877e17	GET	 /users	undefined
26/02/2024	 13:43:51	6831e43e-bf00-4001-8d9c-e9eee1d68637	GET	 /product	undefined
26/02/2024	 13:44:43	728e351f-ff2d-45c1-a542-b3fb68522875	GET	 /users/65dc86f4cba249176c6083ab	undefined
26/02/2024	 13:46:57	1e9cc9ef-2a8b-4958-9994-d438c2d1fbd8	PATCH	 /users	undefined
26/02/2024	 13:47:50	f404c9a1-fd22-41c3-a55d-0293a96ef8ba	PATCH	 /users	undefined
26/02/2024	 13:47:56	40b81c85-b42f-4d85-ab66-3e14486da6c6	GET	 /users/65dc86f4cba249176c6083ab	undefined
26/02/2024	 13:48:00	1c66f3da-fe34-4cbb-81cf-c92c18daaf3e	GET	 /users/65dc86f4cba249176c6083ab	undefined
26/02/2024	 13:48:16	a4b9b65c-c0ee-408c-ae0c-03ffa0edc055	PATCH	 /users	undefined
26/02/2024	 13:48:21	c1362b82-2677-4e3d-ae62-1a99fb549f39	PATCH	 /users	undefined
26/02/2024	 13:48:25	97186b74-bd4a-4e61-a02d-4c457edc90bb	PATCH	 /users	undefined
26/02/2024	 13:48:30	fd37599f-6bf5-4678-b8a1-890a3d4d162a	GET	 /users/65dc86f4cba249176c6083ab	undefined
26/02/2024	 13:49:54	e3d2897e-8dbe-4be2-8026-c24505039c03	PATCH	 /users	undefined
26/02/2024	 13:49:58	76a21b86-ca61-4dd0-9e10-e0c870412cfe	GET	 /users/65dc86f4cba249176c6083ab	undefined
26/02/2024	 13:50:13	7222ca64-af12-4842-a403-97ce7cf8c768	GET	 /users/65dc86f4cba249176c6083ab	undefined
26/02/2024	 13:50:23	39d99b49-0bbf-4138-8d3f-fff774d70957	GET	 /users/65dc86f4cba249176c6083ab	undefined
26/02/2024	 13:50:31	fb64dcef-c77b-4b8d-9709-045b82c91a20	GET	 /users/65dc86f4cba249176c6083ab	undefined
26/02/2024	 13:50:37	51e6298a-86ad-46f7-93c1-286d91f474a2	GET	 /users/65dc86f4cba249176c6083ab	undefined
26/02/2024	 13:50:39	538c3a74-b389-49cb-abe7-b3016205910b	GET	 /users/	undefined
26/02/2024	 13:50:46	53a43fe9-0053-47ec-a4e9-275334da71ac	GET	 /users/65dc86f4cba249176c6083ab	undefined
26/02/2024	 13:51:22	2f5b7362-5d92-47eb-9f94-90e5d9516eff	GET	 /users/65dc86f4cba249176c6083ab	undefined
26/02/2024	 13:53:05	ea23acb1-9bf1-4448-99f1-b566f1c65605	POST	 /product	undefined
26/02/2024	 13:53:09	749d48d1-6cfe-4fce-8965-ffa074a1124f	GET	 /product	undefined
26/02/2024	 13:53:50	45ad5f30-698b-4562-ab3b-a74803f5ba40	GET	 /product	undefined
26/02/2024	 13:53:52	184832fe-d445-4f8f-bc79-bafc0dedf7f7	GET	 /product	undefined
26/02/2024	 13:54:40	b2737925-c333-4665-9405-d272cfe489e3	GET	 /product	undefined
26/02/2024	 13:54:54	e0cb8d03-f5a6-4aa7-9086-3d6a849699bf	GET	 /product	undefined
26/02/2024	 13:58:50	66cb6b21-6280-461a-a5df-ebdd28feac26	GET	 /product	undefined
26/02/2024	 13:58:51	2ef044e8-5618-41f5-a74b-c9c920d4035e	GET	 /product	undefined
26/02/2024	 13:59:21	1bed841f-2151-452b-ac78-c24c86679174	GET	 /product	undefined
26/02/2024	 13:59:34	1bf4a731-26b4-4993-8e63-39f931a9d688	GET	 /product	undefined
26/02/2024	 14:02:38	c00d5023-09bc-4965-850f-49bf15437652	GET	 /product	undefined
26/02/2024	 14:03:02	68c97516-4cff-4530-b7d7-7edbe0506298	GET	 /product	undefined
26/02/2024	 14:03:37	86e83a79-a946-450b-817e-f350521e09af	GET	 /product	undefined
26/02/2024	 14:03:37	a4063279-9e73-40cc-a964-2a2d531a0d51	GET	 /product	undefined
26/02/2024	 14:03:38	7d5eb6fc-2dd3-4c54-a70c-56b18784ebd4	GET	 /product	undefined
26/02/2024	 14:04:00	9127465c-a709-4c64-82eb-2a22b5528cd2	GET	 /product	undefined
26/02/2024	 14:04:14	3109e47d-c833-4b51-9134-cb22576b378c	GET	 /product	undefined
26/02/2024	 14:04:22	28b23858-9338-48d1-8cc4-8115efb96eba	GET	 /product	undefined
26/02/2024	 14:07:15	b48bd0fc-e8df-4171-a143-6542e282a6d4	GET	 /product	undefined
26/02/2024	 14:07:20	38814f38-be04-482c-a6a6-620aca6205e4	GET	 /product	undefined
26/02/2024	 14:07:32	2c6fc4f9-b236-4911-96ef-c4e871cd5630	GET	 /product	undefined
26/02/2024	 14:08:09	8156c410-3d27-4b3a-ad81-5b3c104b2dd7	GET	 /product	undefined
26/02/2024	 14:08:16	dad96ed1-cac5-482c-9b6f-9b33e3b32ddc	GET	 /product	undefined
26/02/2024	 14:08:27	acf7f3f5-d98f-4930-805e-d744cd792724	GET	 /product	undefined
26/02/2024	 14:09:25	d1c0f4a5-5df8-4a77-98b6-3927ce9634e8	GET	 /product	undefined
26/02/2024	 14:09:34	ae2ccb1b-a2a5-4ce9-aeac-b7b584ce9902	GET	 /product	undefined
26/02/2024	 14:09:56	e862b951-00e4-4ce1-be25-9dd538858c62	GET	 /product	undefined
26/02/2024	 14:10:04	62ecf44f-3770-4ba6-8f01-1c6aeb389ec6	GET	 /product	undefined
